[0.005s] Invoking command in '/home/yucheng/mpc_motion_control_projects/mpc_ws/build/mpc_car_control': CMAKE_PREFIX_PATH=${CMAKE_PREFIX_PATH}:/opt/ros/jazzy DEBUGINFOD_URLS=https://debuginfod.ubuntu.com /usr/bin/cmake --build /home/yucheng/mpc_motion_control_projects/mpc_ws/build/mpc_car_control -- -j24 -l24
[0.038s] [  1%] Built target mpc_car_control__rosidl_generator_type_description
[0.041s] [  1%] Built target ament_cmake_python_symlink_mpc_car_control
[0.049s] [  2%] Built target mpc_car_control__cpp
[0.052s] [ 21%] Built target mpc_car_control__rosidl_generator_c
[0.066s] [ 53%] Built target mpc_car_control__rosidl_typesupport_cpp
[0.066s] [ 53%] Built target mpc_car_control__rosidl_typesupport_c
[0.066s] [ 53%] Built target mpc_car_control__rosidl_typesupport_fastrtps_c
[0.066s] [ 53%] Built target mpc_car_control__rosidl_typesupport_introspection_c
[0.066s] [ 61%] Built target mpc_car_control__rosidl_typesupport_fastrtps_cpp
[0.066s] [ 69%] Built target mpc_car_control__rosidl_typesupport_introspection_cpp
[0.081s] [ 80%] Built target scenario_generator_node
[0.081s] [ 80%] Built target vehicle_interface_node
[0.081s] [ 80%] Built target pid_controller_node
[0.081s] [ 80%] Built target control_allocator_node
[0.081s] [ 80%] Built target vehicle_model_node
[0.081s] [ 82%] Built target visualization_node
[0.084s] [ 84%] [32mBuilding CXX object CMakeFiles/mpc_controller_node.dir/src/mpc_controller_node.cpp.o[0m
[0.092s] [ 84%] Built target mpc_car_control
[0.102s] [ 85%] Built target mpc_car_control__py
[0.116s] [ 92%] Built target mpc_car_control__rosidl_generator_py
[0.129s] [ 96%] Built target mpc_car_control_s__rosidl_typesupport_introspection_c
[0.129s] [ 96%] Built target mpc_car_control_s__rosidl_typesupport_fastrtps_c
[0.129s] [ 98%] Built target mpc_car_control_s__rosidl_typesupport_c
[0.138s] running egg_info
[0.146s] writing mpc_car_control.egg-info/PKG-INFO
[0.146s] writing dependency_links to mpc_car_control.egg-info/dependency_links.txt
[0.146s] writing top-level names to mpc_car_control.egg-info/top_level.txt
[0.165s] reading manifest file 'mpc_car_control.egg-info/SOURCES.txt'
[0.165s] writing manifest file 'mpc_car_control.egg-info/SOURCES.txt'
[0.180s] [ 98%] Built target ament_cmake_python_build_mpc_car_control_egg
[1.392s] [01m[K/home/yucheng/mpc_motion_control_projects/mpc_ws/src/mpc_car_control/src/mpc_controller_node.cpp:[m[K In member function â€˜[01m[Kvoid MPCControllerNode::[01;32m[Kcontrol_loop[m[K()[m[Kâ€™:
[1.392s] [01m[K/home/yucheng/mpc_motion_control_projects/mpc_ws/src/mpc_car_control/src/mpc_controller_node.cpp:331:21:[m[K [01;31m[Kerror: [m[Kredeclaration of â€˜[01m[KEigen::VectorXd R_diag[m[Kâ€™
[1.392s]   331 |     Eigen::VectorXd [01;31m[KR_diag[m[K(nu_);
[1.392s]       |                     [01;31m[K^~~~~~[m[K
[1.392s] [01m[K/home/yucheng/mpc_motion_control_projects/mpc_ws/src/mpc_car_control/src/mpc_controller_node.cpp:323:21:[m[K [01;36m[Knote: [m[Kâ€˜[01m[KEigen::VectorXd R_diag[m[Kâ€™ previously declared here
[1.392s]   323 |     Eigen::VectorXd [01;36m[KR_diag[m[K(nu_);
[1.392s]       |                     [01;36m[K^~~~~~[m[K
[1.392s] [01m[K/home/yucheng/mpc_motion_control_projects/mpc_ws/src/mpc_car_control/src/mpc_controller_node.cpp:332:21:[m[K [01;31m[Kerror: [m[Kredeclaration of â€˜[01m[KEigen::VectorXd R_rate_diag[m[Kâ€™
[1.392s]   332 |     Eigen::VectorXd [01;31m[KR_rate_diag[m[K(nu_);
[1.392s]       |                     [01;31m[K^~~~~~~~~~~[m[K
[1.392s] [01m[K/home/yucheng/mpc_motion_control_projects/mpc_ws/src/mpc_car_control/src/mpc_controller_node.cpp:324:21:[m[K [01;36m[Knote: [m[Kâ€˜[01m[KEigen::VectorXd R_rate_diag[m[Kâ€™ previously declared here
[1.392s]   324 |     Eigen::VectorXd [01;36m[KR_rate_diag[m[K(nu_);
[1.392s]       |                     [01;36m[K^~~~~~~~~~~[m[K
[4.166s] gmake[2]: *** [CMakeFiles/mpc_controller_node.dir/build.make:76ï¼šCMakeFiles/mpc_controller_node.dir/src/mpc_controller_node.cpp.o] é”™è¯¯ 1
[4.166s] gmake[1]: *** [CMakeFiles/Makefile2:665ï¼šCMakeFiles/mpc_controller_node.dir/all] é”™è¯¯ 2
[4.167s] gmake: *** [Makefile:146ï¼šall] é”™è¯¯ 2
[4.170s] Invoked command in '/home/yucheng/mpc_motion_control_projects/mpc_ws/build/mpc_car_control' returned '2': CMAKE_PREFIX_PATH=${CMAKE_PREFIX_PATH}:/opt/ros/jazzy DEBUGINFOD_URLS=https://debuginfod.ubuntu.com /usr/bin/cmake --build /home/yucheng/mpc_motion_control_projects/mpc_ws/build/mpc_car_control -- -j24 -l24
