[01m[K/home/yucheng/mpc_motion_control_projects/mpc_ws/src/mpc_car_control/src/mpc_controller_node.cpp:[m[K In member function â€˜[01m[Kvoid MPCControllerNode::control_loop()[m[Kâ€™:
[01m[K/home/yucheng/mpc_motion_control_projects/mpc_ws/src/mpc_car_control/src/mpc_controller_node.cpp:270:26:[m[K [01;31m[Kerror: [m[Kâ€˜[01m[Kc_psi[m[Kâ€™ was not declared in this scope
  270 |     double Fx_b = Fx_g * [01;31m[Kc_psi[m[K + Fy_g * s_psi;
      |                          [01;31m[K^~~~~[m[K
[01m[K/home/yucheng/mpc_motion_control_projects/mpc_ws/src/mpc_car_control/src/mpc_controller_node.cpp:270:41:[m[K [01;31m[Kerror: [m[Kâ€˜[01m[Ks_psi[m[Kâ€™ was not declared in this scope
  270 |     double Fx_b = Fx_g * c_psi + Fy_g * [01;31m[Ks_psi[m[K;
      |                                         [01;31m[K^~~~~[m[K
make[2]: *** [CMakeFiles/mpc_controller_node.dir/build.make:79ï¼šCMakeFiles/mpc_controller_node.dir/src/mpc_controller_node.cpp.o] é”™è¯¯ 1
make[1]: *** [CMakeFiles/Makefile2:725ï¼šCMakeFiles/mpc_controller_node.dir/all] é”™è¯¯ 2
make: *** [Makefile:146ï¼šall] é”™è¯¯ 2
