[0.005s] Invoking command in '/home/yucheng/mpc_motion_control_projects/mpc_ws/build/mpc_car_control': CMAKE_PREFIX_PATH=${CMAKE_PREFIX_PATH}:/opt/ros/jazzy DEBUGINFOD_URLS=https://debuginfod.ubuntu.com /usr/bin/cmake --build /home/yucheng/mpc_motion_control_projects/mpc_ws/build/mpc_car_control -- -j24 -l24
[0.038s] [  1%] Built target mpc_car_control__rosidl_generator_type_description
[0.042s] [  1%] Built target ament_cmake_python_symlink_mpc_car_control
[0.049s] [  2%] Built target mpc_car_control__cpp
[0.051s] [ 21%] Built target mpc_car_control__rosidl_generator_c
[0.065s] [ 54%] Built target mpc_car_control__rosidl_typesupport_cpp
[0.065s] [ 54%] Built target mpc_car_control__rosidl_typesupport_introspection_c
[0.065s] [ 54%] Built target mpc_car_control__rosidl_typesupport_c
[0.065s] [ 54%] Built target mpc_car_control__rosidl_typesupport_fastrtps_c
[0.065s] [ 61%] Built target mpc_car_control__rosidl_typesupport_fastrtps_cpp
[0.065s] [ 69%] Built target mpc_car_control__rosidl_typesupport_introspection_cpp
[0.080s] [ 84%] Built target scenario_generator_node
[0.080s] [ 84%] Built target vehicle_model_node
[0.080s] [ 84%] Built target vehicle_interface_node
[0.080s] [ 84%] Built target pid_controller_node
[0.080s] [ 84%] Built target control_allocator_node
[0.080s] [ 84%] Built target visualization_node
[0.080s] [ 84%] [32mBuilding CXX object CMakeFiles/mpc_controller_node.dir/src/mpc_controller_node.cpp.o[0m
[0.091s] [ 84%] Built target mpc_car_control
[0.103s] [ 85%] Built target mpc_car_control__py
[0.117s] [ 92%] Built target mpc_car_control__rosidl_generator_py
[0.131s] [ 98%] Built target mpc_car_control_s__rosidl_typesupport_introspection_c
[0.131s] [ 98%] Built target mpc_car_control_s__rosidl_typesupport_c
[0.131s] [ 98%] Built target mpc_car_control_s__rosidl_typesupport_fastrtps_c
[0.141s] running egg_info
[0.148s] writing mpc_car_control.egg-info/PKG-INFO
[0.148s] writing dependency_links to mpc_car_control.egg-info/dependency_links.txt
[0.148s] writing top-level names to mpc_car_control.egg-info/top_level.txt
[0.167s] reading manifest file 'mpc_car_control.egg-info/SOURCES.txt'
[0.167s] writing manifest file 'mpc_car_control.egg-info/SOURCES.txt'
[0.183s] [ 98%] Built target ament_cmake_python_build_mpc_car_control_egg
[1.398s] [01m[K/home/yucheng/mpc_motion_control_projects/mpc_ws/src/mpc_car_control/src/mpc_controller_node.cpp:[m[K In member function â€˜[01m[Kvoid MPCControllerNode::[01;32m[Kcontrol_loop[m[K()[m[Kâ€™:
[1.398s] [01m[K/home/yucheng/mpc_motion_control_projects/mpc_ws/src/mpc_car_control/src/mpc_controller_node.cpp:336:21:[m[K [01;31m[Kerror: [m[Kredeclaration of â€˜[01m[KEigen::VectorXd R_diag[m[Kâ€™
[1.398s]   336 |     Eigen::VectorXd [01;31m[KR_diag[m[K(nu_);
[1.398s]       |                     [01;31m[K^~~~~~[m[K
[1.398s] [01m[K/home/yucheng/mpc_motion_control_projects/mpc_ws/src/mpc_car_control/src/mpc_controller_node.cpp:323:21:[m[K [01;36m[Knote: [m[Kâ€˜[01m[KEigen::VectorXd R_diag[m[Kâ€™ previously declared here
[1.398s]   323 |     Eigen::VectorXd [01;36m[KR_diag[m[K(nu_);
[1.398s]       |                     [01;36m[K^~~~~~[m[K
[1.398s] [01m[K/home/yucheng/mpc_motion_control_projects/mpc_ws/src/mpc_car_control/src/mpc_controller_node.cpp:337:21:[m[K [01;31m[Kerror: [m[Kredeclaration of â€˜[01m[KEigen::VectorXd R_rate_diag[m[Kâ€™
[1.398s]   337 |     Eigen::VectorXd [01;31m[KR_rate_diag[m[K(nu_);
[1.398s]       |                     [01;31m[K^~~~~~~~~~~[m[K
[1.398s] [01m[K/home/yucheng/mpc_motion_control_projects/mpc_ws/src/mpc_car_control/src/mpc_controller_node.cpp:324:21:[m[K [01;36m[Knote: [m[Kâ€˜[01m[KEigen::VectorXd R_rate_diag[m[Kâ€™ previously declared here
[1.398s]   324 |     Eigen::VectorXd [01;36m[KR_rate_diag[m[K(nu_);
[1.398s]       |                     [01;36m[K^~~~~~~~~~~[m[K
[4.162s] gmake[2]: *** [CMakeFiles/mpc_controller_node.dir/build.make:76ï¼šCMakeFiles/mpc_controller_node.dir/src/mpc_controller_node.cpp.o] é”™è¯¯ 1
[4.162s] gmake[1]: *** [CMakeFiles/Makefile2:665ï¼šCMakeFiles/mpc_controller_node.dir/all] é”™è¯¯ 2
[4.162s] gmake: *** [Makefile:146ï¼šall] é”™è¯¯ 2
[4.165s] Invoked command in '/home/yucheng/mpc_motion_control_projects/mpc_ws/build/mpc_car_control' returned '2': CMAKE_PREFIX_PATH=${CMAKE_PREFIX_PATH}:/opt/ros/jazzy DEBUGINFOD_URLS=https://debuginfod.ubuntu.com /usr/bin/cmake --build /home/yucheng/mpc_motion_control_projects/mpc_ws/build/mpc_car_control -- -j24 -l24
