[0.028s] Invoking command in '/home/yucheng/mpc_motion_control_projects/mpc_ws/build/mpc_car_control': CMAKE_PREFIX_PATH=${CMAKE_PREFIX_PATH}:/opt/ros/foxy /usr/local/bin/cmake --build /home/yucheng/mpc_motion_control_projects/mpc_ws/build/mpc_car_control -- -j12 -l12
[0.055s] [  1%] Built target mpc_car_control__cpp
[0.058s] [ 10%] Built target mpc_car_control__rosidl_generator_c
[0.069s] [ 25%] Built target mpc_car_control__rosidl_typesupport_cpp
[0.069s] [ 31%] Built target mpc_car_control__rosidl_typesupport_c
[0.069s] [ 37%] Built target mpc_car_control__rosidl_typesupport_introspection_cpp
[0.069s] [ 46%] Built target mpc_car_control__rosidl_typesupport_fastrtps_cpp
[0.069s] [ 55%] Built target mpc_car_control__rosidl_typesupport_introspection_c
[0.083s] [ 64%] Built target mpc_car_control__rosidl_typesupport_fastrtps_c
[0.093s] [ 64%] Built target mpc_car_control
[0.109s] [ 66%] Built target mpc_car_control__py
[0.113s] [ 67%] [32mBuilding CXX object CMakeFiles/control_allocator_node.dir/src/control_allocator_node.cpp.o[0m
[0.115s] [ 71%] Built target vehicle_model_node
[0.115s] [ 72%] Built target scenario_generator_node
[0.116s] [ 75%] Built target pid_controller_node
[0.117s] [ 77%] Built target visualization_node
[0.118s] [ 80%] Built target vehicle_interface_node
[0.124s] [ 81%] [32mBuilding CXX object CMakeFiles/mpc_controller_node.dir/src/mpc_controller_node.cpp.o[0m
[0.127s] [ 89%] Built target mpc_car_control__python
[0.140s] [ 92%] Built target mpc_car_control__rosidl_typesupport_introspection_c__pyext
[0.140s] [ 94%] Built target mpc_car_control__rosidl_typesupport_fastrtps_c__pyext
[0.142s] [ 97%] Built target mpc_car_control__rosidl_typesupport_c__pyext
[2.205s] In file included from [01m[K/opt/ros/foxy/include/rclcpp/client.hpp:40[m[K,
[2.205s]                  from [01m[K/opt/ros/foxy/include/rclcpp/callback_group.hpp:23[m[K,
[2.205s]                  from [01m[K/opt/ros/foxy/include/rclcpp/any_executable.hpp:20[m[K,
[2.205s]                  from [01m[K/opt/ros/foxy/include/rclcpp/memory_strategy.hpp:24[m[K,
[2.205s]                  from [01m[K/opt/ros/foxy/include/rclcpp/memory_strategies.hpp:18[m[K,
[2.205s]                  from [01m[K/opt/ros/foxy/include/rclcpp/executor_options.hpp:20[m[K,
[2.205s]                  from [01m[K/opt/ros/foxy/include/rclcpp/executor.hpp:33[m[K,
[2.206s]                  from [01m[K/opt/ros/foxy/include/rclcpp/executors/multi_threaded_executor.hpp:26[m[K,
[2.206s]                  from [01m[K/opt/ros/foxy/include/rclcpp/executors.hpp:21[m[K,
[2.206s]                  from [01m[K/opt/ros/foxy/include/rclcpp/rclcpp.hpp:146[m[K,
[2.206s]                  from [01m[K/home/yucheng/mpc_motion_control_projects/mpc_ws/src/mpc_car_control/src/mpc_controller_node.cpp:11[m[K:
[2.206s] [01m[K/home/yucheng/mpc_motion_control_projects/mpc_ws/src/mpc_car_control/src/mpc_controller_node.cpp:[m[K In member function â€˜[01m[Kvoid MPCControllerNode::control_loop()[m[Kâ€™:
[2.206s] [01m[K/home/yucheng/mpc_motion_control_projects/mpc_ws/src/mpc_car_control/src/mpc_controller_node.cpp:312:17:[m[K [01;31m[Kerror: [m[Kâ€˜[01m[KFx_b[m[Kâ€™ was not declared in this scope
[2.206s]   312 |                 [01;31m[KFx_b[m[K, Fy_b, u0(5));
[2.207s]       |                 [01;31m[K^~~~[m[K
[2.207s] [01m[K/home/yucheng/mpc_motion_control_projects/mpc_ws/src/mpc_car_control/src/mpc_controller_node.cpp:312:23:[m[K [01;31m[Kerror: [m[Kâ€˜[01m[KFy_b[m[Kâ€™ was not declared in this scope
[2.207s]   312 |                 Fx_b, [01;31m[KFy_b[m[K, u0(5));
[2.207s]       |                       [01;31m[K^~~~[m[K
[4.925s] [ 98%] [32m[1mLinking CXX executable control_allocator_node[0m
[5.169s] [ 98%] Built target control_allocator_node
[5.405s] make[2]: *** [CMakeFiles/mpc_controller_node.dir/build.make:79ï¼šCMakeFiles/mpc_controller_node.dir/src/mpc_controller_node.cpp.o] é”™è¯¯ 1
[5.405s] make[1]: *** [CMakeFiles/Makefile2:725ï¼šCMakeFiles/mpc_controller_node.dir/all] é”™è¯¯ 2
[5.405s] make: *** [Makefile:146ï¼šall] é”™è¯¯ 2
[5.409s] Invoked command in '/home/yucheng/mpc_motion_control_projects/mpc_ws/build/mpc_car_control' returned '2': CMAKE_PREFIX_PATH=${CMAKE_PREFIX_PATH}:/opt/ros/foxy /usr/local/bin/cmake --build /home/yucheng/mpc_motion_control_projects/mpc_ws/build/mpc_car_control -- -j12 -l12
