[0.028s] Invoking command in '/home/yucheng/mpc_motion_control_projects/mpc_ws/build/mpc_car_control': CMAKE_PREFIX_PATH=${CMAKE_PREFIX_PATH}:/opt/ros/foxy /usr/local/bin/cmake --build /home/yucheng/mpc_motion_control_projects/mpc_ws/build/mpc_car_control -- -j12 -l12
[0.057s] [  1%] Built target mpc_car_control__cpp
[0.058s] [ 10%] Built target mpc_car_control__rosidl_generator_c
[0.070s] [ 30%] Built target mpc_car_control__rosidl_typesupport_c
[0.070s] [ 38%] Built target mpc_car_control__rosidl_typesupport_cpp
[0.071s] [ 38%] Built target mpc_car_control__rosidl_typesupport_introspection_c
[0.071s] [ 48%] Built target mpc_car_control__rosidl_typesupport_fastrtps_cpp
[0.072s] [ 57%] Built target mpc_car_control__rosidl_typesupport_introspection_cpp
[0.084s] [ 66%] Built target mpc_car_control__rosidl_typesupport_fastrtps_c
[0.094s] [ 66%] Built target mpc_car_control
[0.106s] [ 68%] Built target mpc_car_control__py
[0.108s] [ 70%] Built target control_allocator_node
[0.109s] [ 73%] Built target mpc_controller_node
[0.109s] [ 76%] Built target scenario_generator_node
[0.112s] [ 81%] Built target vehicle_model_node
[0.112s] [ 81%] Built target vehicle_interface_node
[0.118s] [ 82%] [32mBuilding CXX object CMakeFiles/visualization_node.dir/src/visualization_node.cpp.o[0m
[0.120s] [ 90%] Built target mpc_car_control__python
[0.132s] [ 98%] Built target mpc_car_control__rosidl_typesupport_introspection_c__pyext
[0.132s] [ 98%] Built target mpc_car_control__rosidl_typesupport_fastrtps_c__pyext
[0.132s] [ 98%] Built target mpc_car_control__rosidl_typesupport_c__pyext
[1.273s] [01m[K/home/yucheng/mpc_motion_control_projects/mpc_ws/src/mpc_car_control/src/visualization_node.cpp:214:3:[m[K [01;31m[Kerror: [m[Kâ€˜[01m[Kmarker_pub_[m[Kâ€™ does not name a type
[1.273s]   214 |   [01;31m[Kmarker_pub_[m[K->publish(marker_array);
[1.273s]       |   [01;31m[K^~~~~~~~~~~[m[K
[1.273s] [01m[K/home/yucheng/mpc_motion_control_projects/mpc_ws/src/mpc_car_control/src/visualization_node.cpp:215:2:[m[K [01;31m[Kerror: [m[Kexpected â€˜[01m[K;[m[Kâ€™ after class definition
[1.273s]   215 | }
[1.274s]       |  [01;31m[K^[m[K
[1.274s]       |  [32m[K;[m[K
[1.275s] [01m[K/home/yucheng/mpc_motion_control_projects/mpc_ws/src/mpc_car_control/src/visualization_node.cpp:[m[K In constructor â€˜[01m[KVisualizationNode::VisualizationNode()[m[Kâ€™:
[1.275s] [01m[K/home/yucheng/mpc_motion_control_projects/mpc_ws/src/mpc_car_control/src/visualization_node.cpp:22:5:[m[K [01;31m[Kerror: [m[Kâ€˜[01m[Ksubscription_[m[Kâ€™ was not declared in this scope; did you mean â€˜[01m[Krcl_subscription_t[m[Kâ€™?
[1.276s]    22 |     [01;31m[Ksubscription_[m[K =
[1.276s]       |     [01;31m[K^~~~~~~~~~~~~[m[K
[1.276s]       |     [32m[Krcl_subscription_t[m[K
[1.293s] [01m[K/home/yucheng/mpc_motion_control_projects/mpc_ws/src/mpc_car_control/src/visualization_node.cpp:27:5:[m[K [01;31m[Kerror: [m[Kâ€˜[01m[Ksubscription_traj_[m[Kâ€™ was not declared in this scope
[1.293s]    27 |     [01;31m[Ksubscription_traj_[m[K =
[1.293s]       |     [01;31m[K^~~~~~~~~~~~~~~~~~[m[K
[1.293s] [01m[K/home/yucheng/mpc_motion_control_projects/mpc_ws/src/mpc_car_control/src/visualization_node.cpp:30:43:[m[K [01;31m[Kerror: [m[Kâ€˜[01m[Ktraj_callback[m[Kâ€™ is not a member of â€˜[01m[KVisualizationNode[m[Kâ€™
[1.293s]    30 |             std::bind(&VisualizationNode::[01;31m[Ktraj_callback[m[K, this, _1));
[1.293s]       |                                           [01;31m[K^~~~~~~~~~~~~[m[K
[1.295s] [01m[K/home/yucheng/mpc_motion_control_projects/mpc_ws/src/mpc_car_control/src/visualization_node.cpp:32:5:[m[K [01;31m[Kerror: [m[Kâ€˜[01m[Kmarker_pub_[m[Kâ€™ was not declared in this scope
[1.295s]    32 |     [01;31m[Kmarker_pub_[m[K = this->create_publisher<visualization_msgs::msg::MarkerArray>(
[1.295s]       |     [01;31m[K^~~~~~~~~~~[m[K
[1.300s] [01m[K/home/yucheng/mpc_motion_control_projects/mpc_ws/src/mpc_car_control/src/visualization_node.cpp:35:5:[m[K [01;31m[Kerror: [m[Kâ€˜[01m[Ktf_broadcaster_[m[Kâ€™ was not declared in this scope
[1.300s]    35 |     [01;31m[Ktf_broadcaster_[m[K = std::make_unique<tf2_ros::TransformBroadcaster>(*this);
[1.300s]       |     [01;31m[K^~~~~~~~~~~~~~~[m[K
[1.308s] [01m[K/home/yucheng/mpc_motion_control_projects/mpc_ws/src/mpc_car_control/src/visualization_node.cpp:38:5:[m[K [01;31m[Kerror: [m[Kâ€˜[01m[Kactual_path_marker_[m[Kâ€™ was not declared in this scope
[1.308s]    38 |     [01;31m[Kactual_path_marker_[m[K.header.frame_id = "map";
[1.308s]       |     [01;31m[K^~~~~~~~~~~~~~~~~~~[m[K
[1.315s] [01m[K/home/yucheng/mpc_motion_control_projects/mpc_ws/src/mpc_car_control/src/visualization_node.cpp:[m[K In member function â€˜[01m[Kvoid VisualizationNode::state_callback(mpc_car_control::msg::VehicleState_<std::allocator<void> >::SharedPtr)[m[Kâ€™:
[1.315s] [01m[K/home/yucheng/mpc_motion_control_projects/mpc_ws/src/mpc_car_control/src/visualization_node.cpp:72:5:[m[K [01;31m[Kerror: [m[Kâ€˜[01m[Ktf_broadcaster_[m[Kâ€™ was not declared in this scope
[1.315s]    72 |     [01;31m[Ktf_broadcaster_[m[K->sendTransform(t);
[1.315s]       |     [01;31m[K^~~~~~~~~~~~~~~[m[K
[1.319s] [01m[K/home/yucheng/mpc_motion_control_projects/mpc_ws/src/mpc_car_control/src/visualization_node.cpp:79:5:[m[K [01;31m[Kerror: [m[Kâ€˜[01m[Kactual_path_marker_[m[Kâ€™ was not declared in this scope
[1.319s]    79 |     [01;31m[Kactual_path_marker_[m[K.points.push_back(p);
[1.319s]       |     [01;31m[K^~~~~~~~~~~~~~~~~~~[m[K
[1.322s] [01m[K/home/yucheng/mpc_motion_control_projects/mpc_ws/src/mpc_car_control/src/visualization_node.cpp:119:10:[m[K [01;31m[Kerror: [m[Kâ€˜[01m[Kref_traj_[m[Kâ€™ was not declared in this scope
[1.322s]   119 |     if (![01;31m[Kref_traj_[m[K.points.empty()) {
[1.322s]       |          [01;31m[K^~~~~~~~~[m[K
[1.326s] [01m[K/home/yucheng/mpc_motion_control_projects/mpc_ws/src/mpc_car_control/src/visualization_node.cpp:132:9:[m[K [01;31m[Kerror: [m[Kâ€˜[01m[Kerror_graph_marker_[m[Kâ€™ was not declared in this scope
[1.326s]   132 |     if ([01;31m[Kerror_graph_marker_[m[K.points.empty()) {
[1.326s]       |         [01;31m[K^~~~~~~~~~~~~~~~~~~[m[K
[1.329s] [01m[K/home/yucheng/mpc_motion_control_projects/mpc_ws/src/mpc_car_control/src/visualization_node.cpp:150:5:[m[K [01;31m[Kerror: [m[Kâ€˜[01m[Kerror_graph_marker_[m[Kâ€™ was not declared in this scope
[1.329s]   150 |     [01;31m[Kerror_graph_marker_[m[K.points.push_back(p_err);
[1.329s]       |     [01;31m[K^~~~~~~~~~~~~~~~~~~[m[K
[1.333s] [01m[K/home/yucheng/mpc_motion_control_projects/mpc_ws/src/mpc_car_control/src/visualization_node.cpp:183:28:[m[K [01;31m[Kerror: [m[Kâ€˜[01m[Kref_traj_[m[Kâ€™ was not declared in this scope
[1.333s]   183 |     for (size_t i = 0; i < [01;31m[Kref_traj_[m[K.points.size(); ++i) {
[1.333s]       |                            [01;31m[K^~~~~~~~~[m[K
[1.335s] [01m[K/home/yucheng/mpc_motion_control_projects/mpc_ws/src/mpc_car_control/src/visualization_node.cpp:188:21:[m[K [01;31m[Kerror: [m[Kâ€˜[01m[Kmin_dist_sq[m[Kâ€™ was not declared in this scope; did you mean â€˜[01m[Kmin_dist[m[Kâ€™?
[1.335s]   188 |       if (dist_sq < [01;31m[Kmin_dist_sq[m[K) {
[1.335s]       |                     [01;31m[K^~~~~~~~~~~[m[K
[1.336s]       |                     [32m[Kmin_dist[m[K
[1.338s] [01m[K/home/yucheng/mpc_motion_control_projects/mpc_ws/src/mpc_car_control/src/visualization_node.cpp:190:9:[m[K [01;31m[Kerror: [m[Kâ€˜[01m[Kclosest_point_idx[m[Kâ€™ was not declared in this scope
[1.338s]   190 |         [01;31m[Kclosest_point_idx[m[K = i;
[1.338s]       |         [01;31m[K^~~~~~~~~~~~~~~~~[m[K
[1.340s] [01m[K/home/yucheng/mpc_motion_control_projects/mpc_ws/src/mpc_car_control/src/visualization_node.cpp:194:30:[m[K [01;31m[Kerror: [m[Kâ€˜[01m[Kmin_dist_sq[m[Kâ€™ was not declared in this scope; did you mean â€˜[01m[Kmin_dist[m[Kâ€™?
[1.340s]   194 |     double error = std::sqrt([01;31m[Kmin_dist_sq[m[K);
[1.340s]       |                              [01;31m[K^~~~~~~~~~~[m[K
[1.340s]       |                              [32m[Kmin_dist[m[K
[1.344s] [01m[K/home/yucheng/mpc_motion_control_projects/mpc_ws/src/mpc_car_control/src/visualization_node.cpp:[m[K In function â€˜[01m[Kvoid traj_callback(mpc_car_control::msg::ReferenceTrajectory_<std::allocator<void> >::SharedPtr)[m[Kâ€™:
[1.344s] [01m[K/home/yucheng/mpc_motion_control_projects/mpc_ws/src/mpc_car_control/src/visualization_node.cpp:219:3:[m[K [01;31m[Kerror: [m[Kâ€˜[01m[Kref_traj_[m[Kâ€™ was not declared in this scope
[1.344s]   219 |   [01;31m[Kref_traj_[m[K = *msg; // Store for error calculation
[1.344s]       |   [01;31m[K^~~~~~~~~[m[K
[1.347s] [01m[K/home/yucheng/mpc_motion_control_projects/mpc_ws/src/mpc_car_control/src/visualization_node.cpp:220:3:[m[K [01;31m[Kerror: [m[Kâ€˜[01m[Kerror_graph_marker_[m[Kâ€™ was not declared in this scope
[1.347s]   220 |   [01;31m[Kerror_graph_marker_[m[K.points
[1.347s]       |   [01;31m[K^~~~~~~~~~~~~~~~~~~[m[K
[1.347s] [01m[K/home/yucheng/mpc_motion_control_projects/mpc_ws/src/mpc_car_control/src/visualization_node.cpp:228:30:[m[K [01;31m[Kerror: [m[Kinvalid use of â€˜[01m[Kthis[m[Kâ€™ in non-member function
[1.347s]   228 |   line_marker.header.stamp = [01;31m[Kthis[m[K->now();
[1.347s]       |                              [01;31m[K^~~~[m[K
[1.350s] [01m[K/home/yucheng/mpc_motion_control_projects/mpc_ws/src/mpc_car_control/src/visualization_node.cpp:326:3:[m[K [01;31m[Kerror: [m[Kâ€˜[01m[Kmarker_pub_[m[Kâ€™ was not declared in this scope
[1.350s]   326 |   [01;31m[Kmarker_pub_[m[K->publish(marker_array);
[1.350s]       |   [01;31m[K^~~~~~~~~~~[m[K
[1.371s] [01m[K/home/yucheng/mpc_motion_control_projects/mpc_ws/src/mpc_car_control/src/visualization_node.cpp:[m[K At global scope:
[1.371s] [01m[K/home/yucheng/mpc_motion_control_projects/mpc_ws/src/mpc_car_control/src/visualization_node.cpp:339:1:[m[K [01;31m[Kerror: [m[Kexpected declaration before â€˜[01m[K}[m[Kâ€™ token
[1.371s]   339 | [01;31m[K}[m[K
[1.371s]       | [01;31m[K^[m[K
[2.684s] make[2]: *** [CMakeFiles/visualization_node.dir/build.make:79ï¼šCMakeFiles/visualization_node.dir/src/visualization_node.cpp.o] é”™è¯¯ 1
[2.684s] make[1]: *** [CMakeFiles/Makefile2:821ï¼šCMakeFiles/visualization_node.dir/all] é”™è¯¯ 2
[2.684s] make: *** [Makefile:146ï¼šall] é”™è¯¯ 2
[2.686s] Invoked command in '/home/yucheng/mpc_motion_control_projects/mpc_ws/build/mpc_car_control' returned '2': CMAKE_PREFIX_PATH=${CMAKE_PREFIX_PATH}:/opt/ros/foxy /usr/local/bin/cmake --build /home/yucheng/mpc_motion_control_projects/mpc_ws/build/mpc_car_control -- -j12 -l12
