[01m[K/home/yucheng/mpc_motion_control_projects/mpc_ws/src/mpc_car_control/src/vehicle_model_node.cpp:[m[K In member function â€˜[01m[Kvoid VehicleModelNode::sim_loop()[m[Kâ€™:
[01m[K/home/yucheng/mpc_motion_control_projects/mpc_ws/src/mpc_car_control/src/vehicle_model_node.cpp:211:31:[m[K [01;31m[Kerror: [m[Kâ€˜[01m[Kstruct VehicleParams[m[Kâ€™ has no member named â€˜[01m[KC_alpha[m[Kâ€™
  211 |         double F_ty = params_.[01;31m[KC_alpha[m[K * alpha;
      |                               [01;31m[K^~~~~~~[m[K
make[2]: *** [CMakeFiles/vehicle_model_node.dir/build.make:79ï¼šCMakeFiles/vehicle_model_node.dir/src/vehicle_model_node.cpp.o] é”™è¯¯ 1
make[1]: *** [CMakeFiles/Makefile2:854ï¼šCMakeFiles/vehicle_model_node.dir/all] é”™è¯¯ 2
make[1]: *** æ­£åœ¨ç­‰å¾…æœªå®Œæˆçš„ä»»åŠ¡....
make: *** [Makefile:146ï¼šall] é”™è¯¯ 2
