[0.028s] Invoking command in '/home/yucheng/mpc_motion_control_projects/mpc_ws/build/mpc_car_control': CMAKE_PREFIX_PATH=${CMAKE_PREFIX_PATH}:/opt/ros/foxy /usr/local/bin/cmake --build /home/yucheng/mpc_motion_control_projects/mpc_ws/build/mpc_car_control -- -j12 -l12
[0.059s] [  1%] Built target mpc_car_control__cpp
[0.061s] [ 10%] Built target mpc_car_control__rosidl_generator_c
[0.075s] [ 20%] Built target mpc_car_control__rosidl_typesupport_c
[0.076s] [ 28%] Built target mpc_car_control__rosidl_typesupport_introspection_c
[0.076s] [ 37%] Built target mpc_car_control__rosidl_typesupport_introspection_cpp
[0.077s] [ 46%] Built target mpc_car_control__rosidl_typesupport_fastrtps_cpp
[0.077s] [ 55%] Built target mpc_car_control__rosidl_typesupport_cpp
[0.091s] [ 64%] Built target mpc_car_control__rosidl_typesupport_fastrtps_c
[0.100s] [ 64%] Built target mpc_car_control
[0.115s] [ 66%] Built target mpc_car_control__py
[0.117s] [ 68%] Built target vehicle_interface_node
[0.121s] [ 71%] Built target visualization_node
[0.121s] [ 74%] Built target pid_controller_node
[0.121s] [ 76%] Built target control_allocator_node
[0.121s] [ 79%] Built target scenario_generator_node
[0.121s] [ 81%] Built target vehicle_model_node
[0.128s] [ 83%] [32mBuilding CXX object CMakeFiles/mpc_controller_node.dir/src/mpc_controller_node.cpp.o[0m
[0.131s] [ 90%] Built target mpc_car_control__python
[0.142s] [ 98%] Built target mpc_car_control__rosidl_typesupport_fastrtps_c__pyext
[0.142s] [ 98%] Built target mpc_car_control__rosidl_typesupport_c__pyext
[0.142s] [ 98%] Built target mpc_car_control__rosidl_typesupport_introspection_c__pyext
[1.715s] [01m[K/home/yucheng/mpc_motion_control_projects/mpc_ws/src/mpc_car_control/src/mpc_controller_node.cpp:368:3:[m[K [01;31m[Kerror: [m[Kexpected â€˜[01m[K}[m[Kâ€™ at end of input
[1.715s]   368 |   [01;31m[K}[m[K
[1.715s]       |   [01;31m[K^[m[K
[1.715s] [01m[K/home/yucheng/mpc_motion_control_projects/mpc_ws/src/mpc_car_control/src/mpc_controller_node.cpp:16:47:[m[K [01;36m[Knote: [m[Kto match this â€˜[01m[K{[m[Kâ€™
[1.715s]    16 | class MPCControllerNode : public rclcpp::Node [01;36m[K{[m[K
[1.715s]       |                                               [01;36m[K^[m[K
[1.718s] [01m[K/home/yucheng/mpc_motion_control_projects/mpc_ws/src/mpc_car_control/src/mpc_controller_node.cpp:[m[K In constructor â€˜[01m[KMPCControllerNode::MPCControllerNode()[m[Kâ€™:
[1.718s] [01m[K/home/yucheng/mpc_motion_control_projects/mpc_ws/src/mpc_car_control/src/mpc_controller_node.cpp:19:5:[m[K [01;31m[Kerror: [m[Kâ€˜[01m[Kpublisher_[m[Kâ€™ was not declared in this scope; did you mean â€˜[01m[Krcl_publisher_t[m[Kâ€™?
[1.718s]    19 |     [01;31m[Kpublisher_[m[K =
[1.718s]       |     [01;31m[K^~~~~~~~~~[m[K
[1.718s]       |     [32m[Krcl_publisher_t[m[K
[1.725s] [01m[K/home/yucheng/mpc_motion_control_projects/mpc_ws/src/mpc_car_control/src/mpc_controller_node.cpp:23:5:[m[K [01;31m[Kerror: [m[Kâ€˜[01m[Ksubscription_traj_[m[Kâ€™ was not declared in this scope
[1.725s]    23 |     [01;31m[Ksubscription_traj_[m[K =
[1.725s]       |     [01;31m[K^~~~~~~~~~~~~~~~~~[m[K
[1.747s] [01m[K/home/yucheng/mpc_motion_control_projects/mpc_ws/src/mpc_car_control/src/mpc_controller_node.cpp:28:5:[m[K [01;31m[Kerror: [m[Kâ€˜[01m[Ksubscription_state_[m[Kâ€™ was not declared in this scope
[1.747s]    28 |     [01;31m[Ksubscription_state_[m[K =
[1.747s]       |     [01;31m[K^~~~~~~~~~~~~~~~~~~[m[K
[1.759s] [01m[K/home/yucheng/mpc_motion_control_projects/mpc_ws/src/mpc_car_control/src/mpc_controller_node.cpp:34:5:[m[K [01;31m[Kerror: [m[Kâ€˜[01m[Ktimer_[m[Kâ€™ was not declared in this scope; did you mean â€˜[01m[Ktimer_t[m[Kâ€™?
[1.759s]    34 |     [01;31m[Ktimer_[m[K = this->create_wall_timer(
[1.759s]       |     [01;31m[K^~~~~~[m[K
[1.759s]       |     [32m[Ktimer_t[m[K
[1.770s] [01m[K/home/yucheng/mpc_motion_control_projects/mpc_ws/src/mpc_car_control/src/mpc_controller_node.cpp:37:5:[m[K [01;31m[Kerror: [m[Kâ€˜[01m[Ku_prev_[m[Kâ€™ was not declared in this scope
[1.770s]    37 |     [01;31m[Ku_prev_[m[K = Eigen::VectorXd::Zero(nu_);
[1.770s]       |     [01;31m[K^~~~~~~[m[K
[1.786s] [01m[K/home/yucheng/mpc_motion_control_projects/mpc_ws/src/mpc_car_control/src/mpc_controller_node.cpp:40:5:[m[K [01;31m[Kerror: [m[Kâ€˜[01m[KAd_[m[Kâ€™ was not declared in this scope
[1.786s]    40 |     [01;31m[KAd_[m[K = Eigen::MatrixXd::Identity(nx_, nx_);
[1.786s]       |     [01;31m[K^~~[m[K
[1.802s] [01m[K/home/yucheng/mpc_motion_control_projects/mpc_ws/src/mpc_car_control/src/mpc_controller_node.cpp:41:5:[m[K [01;31m[Kerror: [m[Kâ€˜[01m[KBd_[m[Kâ€™ was not declared in this scope
[1.802s]    41 |     [01;31m[KBd_[m[K = Eigen::MatrixXd::Zero(nx_, nu_);
[1.802s]       |     [01;31m[K^~~[m[K
[1.984s] [01m[K/home/yucheng/mpc_motion_control_projects/mpc_ws/src/mpc_car_control/src/mpc_controller_node.cpp:[m[K In member function â€˜[01m[Kvoid MPCControllerNode::traj_callback(mpc_car_control::msg::ReferenceTrajectory_<std::allocator<void> >::SharedPtr)[m[Kâ€™:
[1.984s] [01m[K/home/yucheng/mpc_motion_control_projects/mpc_ws/src/mpc_car_control/src/mpc_controller_node.cpp:66:5:[m[K [01;31m[Kerror: [m[Kâ€˜[01m[Kcurrent_trajectory_[m[Kâ€™ was not declared in this scope
[1.984s]    66 |     [01;31m[Kcurrent_trajectory_[m[K = *msg;
[1.984s]       |     [01;31m[K^~~~~~~~~~~~~~~~~~~[m[K
[1.990s] [01m[K/home/yucheng/mpc_motion_control_projects/mpc_ws/src/mpc_car_control/src/mpc_controller_node.cpp:[m[K In member function â€˜[01m[Kvoid MPCControllerNode::state_callback(mpc_car_control::msg::VehicleState_<std::allocator<void> >::SharedPtr)[m[Kâ€™:
[1.990s] [01m[K/home/yucheng/mpc_motion_control_projects/mpc_ws/src/mpc_car_control/src/mpc_controller_node.cpp:70:5:[m[K [01;31m[Kerror: [m[Kâ€˜[01m[Kcurrent_state_[m[Kâ€™ was not declared in this scope
[1.990s]    70 |     [01;31m[Kcurrent_state_[m[K = *msg;
[1.990s]       |     [01;31m[K^~~~~~~~~~~~~~[m[K
[1.993s] [01m[K/home/yucheng/mpc_motion_control_projects/mpc_ws/src/mpc_car_control/src/mpc_controller_node.cpp:71:5:[m[K [01;31m[Kerror: [m[Kâ€˜[01m[Kstate_received_[m[Kâ€™ was not declared in this scope
[1.993s]    71 |     [01;31m[Kstate_received_[m[K = true;
[1.993s]       |     [01;31m[K^~~~~~~~~~~~~~~[m[K
[1.998s] [01m[K/home/yucheng/mpc_motion_control_projects/mpc_ws/src/mpc_car_control/src/mpc_controller_node.cpp:[m[K In member function â€˜[01m[Kvoid MPCControllerNode::control_loop()[m[Kâ€™:
[1.998s] [01m[K/home/yucheng/mpc_motion_control_projects/mpc_ws/src/mpc_car_control/src/mpc_controller_node.cpp:125:10:[m[K [01;31m[Kerror: [m[Kâ€˜[01m[Kstate_received_[m[Kâ€™ was not declared in this scope
[1.998s]   125 |     if (![01;31m[Kstate_received_[m[K || current_trajectory_.points.empty()) {
[1.998s]       |          [01;31m[K^~~~~~~~~~~~~~~[m[K
[2.003s] [01m[K/home/yucheng/mpc_motion_control_projects/mpc_ws/src/mpc_car_control/src/mpc_controller_node.cpp:125:29:[m[K [01;31m[Kerror: [m[Kâ€˜[01m[Kcurrent_trajectory_[m[Kâ€™ was not declared in this scope
[2.003s]   125 |     if (!state_received_ || [01;31m[Kcurrent_trajectory_[m[K.points.empty()) {
[2.003s]       |                             [01;31m[K^~~~~~~~~~~~~~~~~~~[m[K
[2.006s] [01m[K/home/yucheng/mpc_motion_control_projects/mpc_ws/src/mpc_car_control/src/mpc_controller_node.cpp:131:11:[m[K [01;31m[Kerror: [m[Kâ€˜[01m[Kcurrent_state_[m[Kâ€™ was not declared in this scope
[2.006s]   131 |     x0 << [01;31m[Kcurrent_state_[m[K.x, current_state_.y, current_state_.yaw,
[2.006s]       |           [01;31m[K^~~~~~~~~~~~~~[m[K
[2.011s] [01m[K/home/yucheng/mpc_motion_control_projects/mpc_ws/src/mpc_car_control/src/mpc_controller_node.cpp:138:28:[m[K [01;31m[Kerror: [m[Kâ€˜[01m[Kcurrent_trajectory_[m[Kâ€™ was not declared in this scope
[2.011s]   138 |     for (size_t i = 0; i < [01;31m[Kcurrent_trajectory_[m[K.points.size(); ++i) {
[2.011s]       |                            [01;31m[K^~~~~~~~~~~~~~~~~~~[m[K
[2.016s] [01m[K/home/yucheng/mpc_motion_control_projects/mpc_ws/src/mpc_car_control/src/mpc_controller_node.cpp:150:35:[m[K [01;31m[Kerror: [m[Kâ€˜[01m[Kcurrent_trajectory_[m[Kâ€™ was not declared in this scope
[2.016s]   150 |         std::min(closest_idx + 5, [01;31m[Kcurrent_trajectory_[m[K.points.size() - 1);
[2.016s]       |                                   [01;31m[K^~~~~~~~~~~~~~~~~~~[m[K
[2.019s] [01m[K/home/yucheng/mpc_motion_control_projects/mpc_ws/src/mpc_car_control/src/mpc_controller_node.cpp:161:9:[m[K [01;31m[Kerror: [m[Kâ€˜[01m[Kfirst_run_[m[Kâ€™ was not declared in this scope
[2.019s]   161 |     if ([01;31m[Kfirst_run_[m[K ||
[2.020s]       |         [01;31m[K^~~~~~~~~~[m[K
[2.024s] [01m[K/home/yucheng/mpc_motion_control_projects/mpc_ws/src/mpc_car_control/src/mpc_controller_node.cpp:162:25:[m[K [01;31m[Kerror: [m[Kâ€˜[01m[Klast_linearization_time_[m[Kâ€™ was not declared in this scope
[2.025s]   162 |         (current_time - [01;31m[Klast_linearization_time_[m[K).seconds() >= 0.5) {
[2.025s]       |                         [01;31m[K^~~~~~~~~~~~~~~~~~~~~~~~[m[K
[2.027s] [01m[K/home/yucheng/mpc_motion_control_projects/mpc_ws/src/mpc_car_control/src/mpc_controller_node.cpp:177:7:[m[K [01;31m[Kerror: [m[Kâ€˜[01m[KAd_[m[Kâ€™ was not declared in this scope
[2.027s]   177 |       [01;31m[KAd_[m[K = I + Ac * dt_ + 0.5 * Ac * Ac * dt_ * dt_;
[2.027s]       |       [01;31m[K^~~[m[K
[2.081s] [01m[K/home/yucheng/mpc_motion_control_projects/mpc_ws/src/mpc_car_control/src/mpc_controller_node.cpp:178:7:[m[K [01;31m[Kerror: [m[Kâ€˜[01m[KBd_[m[Kâ€™ was not declared in this scope
[2.081s]   178 |       [01;31m[KBd_[m[K = (I + 0.5 * Ac * dt_) * Bc * dt_;
[2.081s]       |       [01;31m[K^~~[m[K
[2.108s] [01m[K/home/yucheng/mpc_motion_control_projects/mpc_ws/src/mpc_car_control/src/mpc_controller_node.cpp:182:26:[m[K [01;31m[Kerror: [m[Kâ€˜[01m[KAd_[m[Kâ€™ was not declared in this scope; did you mean â€˜[01m[KAd[m[Kâ€™?
[2.108s]   182 |     Eigen::MatrixXd Ad = [01;31m[KAd_[m[K;
[2.108s]       |                          [01;31m[K^~~[m[K
[2.108s]       |                          [32m[KAd[m[K
[2.110s] [01m[K/home/yucheng/mpc_motion_control_projects/mpc_ws/src/mpc_car_control/src/mpc_controller_node.cpp:183:26:[m[K [01;31m[Kerror: [m[Kâ€˜[01m[KBd_[m[Kâ€™ was not declared in this scope; did you mean â€˜[01m[KBd[m[Kâ€™?
[2.110s]   183 |     Eigen::MatrixXd Bd = [01;31m[KBd_[m[K;
[2.110s]       |                          [01;31m[K^~~[m[K
[2.110s]       |                          [32m[KBd[m[K
[2.158s] [01m[K/home/yucheng/mpc_motion_control_projects/mpc_ws/src/mpc_car_control/src/mpc_controller_node.cpp:280:21:[m[K [01;31m[Kerror: [m[Kâ€˜[01m[Ku_prev_[m[Kâ€™ was not declared in this scope
[2.158s]   280 |       C.head(nu_) = [01;31m[Ku_prev_[m[K;
[2.158s]       |                     [01;31m[K^~~~~~~[m[K
[2.254s] [01m[K/home/yucheng/mpc_motion_control_projects/mpc_ws/src/mpc_car_control/src/mpc_controller_node.cpp:309:7:[m[K [01;31m[Kerror: [m[Kâ€˜[01m[Kpublisher_[m[Kâ€™ was not declared in this scope; did you mean â€˜[01m[Krcl_publisher_t[m[Kâ€™?
[2.254s]   309 |       [01;31m[Kpublisher_[m[K->publish(cmd_msg);
[2.254s]       |       [01;31m[K^~~~~~~~~~[m[K
[2.254s]       |       [32m[Krcl_publisher_t[m[K
[2.259s] [01m[K/home/yucheng/mpc_motion_control_projects/mpc_ws/src/mpc_car_control/src/mpc_controller_node.cpp:330:48:[m[K [01;31m[Kerror: [m[Kâ€˜[01m[KTrajectory[m[Kâ€™ is not a member of â€˜[01m[Kmpc_car_control::msg[m[Kâ€™
[2.259s]   330 |     rclcpp::Subscription<mpc_car_control::msg::[01;31m[KTrajectory[m[K>::SharedPtr
[2.259s]       |                                                [01;31m[K^~~~~~~~~~[m[K
[2.259s] [01m[K/home/yucheng/mpc_motion_control_projects/mpc_ws/src/mpc_car_control/src/mpc_controller_node.cpp:330:48:[m[K [01;31m[Kerror: [m[Kâ€˜[01m[KTrajectory[m[Kâ€™ is not a member of â€˜[01m[Kmpc_car_control::msg[m[Kâ€™
[2.259s] [01m[K/home/yucheng/mpc_motion_control_projects/mpc_ws/src/mpc_car_control/src/mpc_controller_node.cpp:330:58:[m[K [01;31m[Kerror: [m[Ktemplate argument 1 is invalid
[2.259s]   330 |     rclcpp::Subscription<mpc_car_control::msg::Trajectory[01;31m[K>[m[K::SharedPtr
[2.259s]       |                                                          [01;31m[K^[m[K
[2.259s] [01m[K/home/yucheng/mpc_motion_control_projects/mpc_ws/src/mpc_car_control/src/mpc_controller_node.cpp:330:58:[m[K [01;31m[Kerror: [m[Ktemplate argument 3 is invalid
[2.259s] [01m[K/home/yucheng/mpc_motion_control_projects/mpc_ws/src/mpc_car_control/src/mpc_controller_node.cpp:331:9:[m[K [01;31m[Kerror: [m[Kexpected initializer before â€˜[01m[Ksubscription_traj_[m[Kâ€™
[2.259s]   331 |         [01;31m[Ksubscription_traj_[m[K;
[2.260s]       |         [01;31m[K^~~~~~~~~~~~~~~~~~[m[K
[2.265s] [01m[K/home/yucheng/mpc_motion_control_projects/mpc_ws/src/mpc_car_control/src/mpc_controller_node.cpp:336:27:[m[K [01;31m[Kerror: [m[Kâ€˜[01m[KTrajectory[m[Kâ€™ is not a member of â€˜[01m[Kmpc_car_control::msg[m[Kâ€™
[2.265s]   336 |     mpc_car_control::msg::[01;31m[KTrajectory[m[K current_trajectory_;
[2.265s]       |                           [01;31m[K^~~~~~~~~~[m[K
[2.265s] [01m[K/home/yucheng/mpc_motion_control_projects/mpc_ws/src/mpc_car_control/src/mpc_controller_node.cpp:338:10:[m[K [01;35m[Kwarning: [m[Kunused variable â€˜[01m[Kstate_received_[m[Kâ€™ [[01;35m[K-Wunused-variable[m[K]
[2.265s]   338 |     bool [01;35m[Kstate_received_[m[K = false;
[2.265s]       |          [01;35m[K^~~~~~~~~~~~~~~[m[K
[2.265s] [01m[K/home/yucheng/mpc_motion_control_projects/mpc_ws/src/mpc_car_control/src/mpc_controller_node.cpp:341:12:[m[K [01;35m[Kwarning: [m[Kunused variable â€˜[01m[Kdt_[m[Kâ€™ [[01;35m[K-Wunused-variable[m[K]
[2.265s]   341 |     double [01;35m[Kdt_[m[K = 0.01; // 100Hz
[2.265s]       |            [01;35m[K^~~[m[K
[2.265s] [01m[K/home/yucheng/mpc_motion_control_projects/mpc_ws/src/mpc_car_control/src/mpc_controller_node.cpp:342:9:[m[K [01;35m[Kwarning: [m[Kunused variable â€˜[01m[KN_[m[Kâ€™ [[01;35m[K-Wunused-variable[m[K]
[2.265s]   342 |     int [01;35m[KN_[m[K = 50;       // 0.5s Horizon
[2.265s]       |         [01;35m[K^~[m[K
[2.265s] [01m[K/home/yucheng/mpc_motion_control_projects/mpc_ws/src/mpc_car_control/src/mpc_controller_node.cpp:343:12:[m[K [01;35m[Kwarning: [m[Kunused variable â€˜[01m[Km_[m[Kâ€™ [[01;35m[K-Wunused-variable[m[K]
[2.266s]   343 |     double [01;35m[Km_[m[K = 1412.0;
[2.266s]       |            [01;35m[K^~[m[K
[2.266s] [01m[K/home/yucheng/mpc_motion_control_projects/mpc_ws/src/mpc_car_control/src/mpc_controller_node.cpp:344:12:[m[K [01;35m[Kwarning: [m[Kunused variable â€˜[01m[KIz_[m[Kâ€™ [[01;35m[K-Wunused-variable[m[K]
[2.266s]   344 |     double [01;35m[KIz_[m[K = 1536.7;
[2.266s]       |            [01;35m[K^~~[m[K
[2.266s] [01m[K/home/yucheng/mpc_motion_control_projects/mpc_ws/src/mpc_car_control/src/mpc_controller_node.cpp:345:12:[m[K [01;35m[Kwarning: [m[Kunused variable â€˜[01m[Klf_[m[Kâ€™ [[01;35m[K-Wunused-variable[m[K]
[2.266s]   345 |     double [01;35m[Klf_[m[K = 1.015;
[2.266s]       |            [01;35m[K^~~[m[K
[2.266s] [01m[K/home/yucheng/mpc_motion_control_projects/mpc_ws/src/mpc_car_control/src/mpc_controller_node.cpp:346:12:[m[K [01;35m[Kwarning: [m[Kunused variable â€˜[01m[Klr_[m[Kâ€™ [[01;35m[K-Wunused-variable[m[K]
[2.266s]   346 |     double [01;35m[Klr_[m[K = 1.895;
[2.266s]       |            [01;35m[K^~~[m[K
[2.266s] [01m[K/home/yucheng/mpc_motion_control_projects/mpc_ws/src/mpc_car_control/src/mpc_controller_node.cpp:347:12:[m[K [01;35m[Kwarning: [m[Kunused variable â€˜[01m[KCar_[m[Kâ€™ [[01;35m[K-Wunused-variable[m[K]
[2.266s]   347 |     double [01;35m[KCar_[m[K = 60000.0; // N/rad
[2.266s]       |            [01;35m[K^~~~[m[K
[2.266s] [01m[K/home/yucheng/mpc_motion_control_projects/mpc_ws/src/mpc_car_control/src/mpc_controller_node.cpp:351:10:[m[K [01;35m[Kwarning: [m[Kunused variable â€˜[01m[Kfirst_run_[m[Kâ€™ [[01;35m[K-Wunused-variable[m[K]
[2.266s]   351 |     bool [01;35m[Kfirst_run_[m[K = true;
[2.266s]       |          [01;35m[K^~~~~~~~~~[m[K
[2.266s] [01m[K/home/yucheng/mpc_motion_control_projects/mpc_ws/src/mpc_car_control/src/mpc_controller_node.cpp:359:9:[m[K [01;35m[Kwarning: [m[Kunused variable â€˜[01m[Knx_[m[Kâ€™ [[01;35m[K-Wunused-variable[m[K]
[2.267s]   359 |     int [01;35m[Knx_[m[K = 6;
[2.267s]       |         [01;35m[K^~~[m[K
[2.267s] [01m[K/home/yucheng/mpc_motion_control_projects/mpc_ws/src/mpc_car_control/src/mpc_controller_node.cpp:360:9:[m[K [01;35m[Kwarning: [m[Kunused variable â€˜[01m[Knu_[m[Kâ€™ [[01;35m[K-Wunused-variable[m[K]
[2.267s]   360 |     int [01;35m[Knu_[m[K = 2;
[2.267s]       |         [01;35m[K^~~[m[K
[2.269s] [01m[K/home/yucheng/mpc_motion_control_projects/mpc_ws/src/mpc_car_control/src/mpc_controller_node.cpp:[m[K At global scope:
[2.269s] [01m[K/home/yucheng/mpc_motion_control_projects/mpc_ws/src/mpc_car_control/src/mpc_controller_node.cpp:368:3:[m[K [01;31m[Kerror: [m[Kexpected unqualified-id at end of input
[2.269s]   368 |   [01;31m[K}[m[K
[2.269s]       |   [01;31m[K^[m[K
[4.972s] make[2]: *** [CMakeFiles/mpc_controller_node.dir/build.make:79ï¼šCMakeFiles/mpc_controller_node.dir/src/mpc_controller_node.cpp.o] é”™è¯¯ 1
[4.972s] make[1]: *** [CMakeFiles/Makefile2:725ï¼šCMakeFiles/mpc_controller_node.dir/all] é”™è¯¯ 2
[4.972s] make: *** [Makefile:146ï¼šall] é”™è¯¯ 2
[4.975s] Invoked command in '/home/yucheng/mpc_motion_control_projects/mpc_ws/build/mpc_car_control' returned '2': CMAKE_PREFIX_PATH=${CMAKE_PREFIX_PATH}:/opt/ros/foxy /usr/local/bin/cmake --build /home/yucheng/mpc_motion_control_projects/mpc_ws/build/mpc_car_control -- -j12 -l12
