[0.027s] Invoking command in '/home/yucheng/mpc_motion_control_projects/mpc_ws/build/mpc_car_control': CMAKE_PREFIX_PATH=${CMAKE_PREFIX_PATH}:/opt/ros/foxy /usr/local/bin/cmake --build /home/yucheng/mpc_motion_control_projects/mpc_ws/build/mpc_car_control -- -j12 -l12
[0.058s] [  1%] Built target mpc_car_control__cpp
[0.060s] [ 10%] Built target mpc_car_control__rosidl_generator_c
[0.073s] [ 19%] Built target mpc_car_control__rosidl_typesupport_c
[0.073s] [ 28%] Built target mpc_car_control__rosidl_typesupport_introspection_c
[0.073s] [ 37%] Built target mpc_car_control__rosidl_typesupport_cpp
[0.074s] [ 49%] Built target mpc_car_control__rosidl_typesupport_fastrtps_cpp
[0.074s] [ 55%] Built target mpc_car_control__rosidl_typesupport_introspection_cpp
[0.087s] [ 64%] Built target mpc_car_control__rosidl_typesupport_fastrtps_c
[0.097s] [ 64%] Built target mpc_car_control
[0.112s] [ 66%] Built target mpc_car_control__py
[0.114s] [ 68%] Built target control_allocator_node
[0.114s] [ 71%] Built target pid_controller_node
[0.114s] [ 74%] Built target vehicle_model_node
[0.115s] [ 76%] Built target visualization_node
[0.116s] [ 79%] Built target vehicle_interface_node
[0.117s] [ 81%] Built target scenario_generator_node
[0.126s] [ 83%] [32mBuilding CXX object CMakeFiles/mpc_controller_node.dir/src/mpc_controller_node.cpp.o[0m
[0.126s] [ 90%] Built target mpc_car_control__python
[0.138s] [ 98%] Built target mpc_car_control__rosidl_typesupport_fastrtps_c__pyext
[0.138s] [ 98%] Built target mpc_car_control__rosidl_typesupport_c__pyext
[0.138s] [ 98%] Built target mpc_car_control__rosidl_typesupport_introspection_c__pyext
[1.652s] [01m[K/home/yucheng/mpc_motion_control_projects/mpc_ws/src/mpc_car_control/src/mpc_controller_node.cpp:368:3:[m[K [01;31m[Kerror: [m[Kexpected â€˜[01m[K}[m[Kâ€™ at end of input
[1.652s]   368 |   [01;31m[K}[m[K
[1.652s]       |   [01;31m[K^[m[K
[1.652s] [01m[K/home/yucheng/mpc_motion_control_projects/mpc_ws/src/mpc_car_control/src/mpc_controller_node.cpp:16:47:[m[K [01;36m[Knote: [m[Kto match this â€˜[01m[K{[m[Kâ€™
[1.652s]    16 | class MPCControllerNode : public rclcpp::Node [01;36m[K{[m[K
[1.652s]       |                                               [01;36m[K^[m[K
[1.655s] [01m[K/home/yucheng/mpc_motion_control_projects/mpc_ws/src/mpc_car_control/src/mpc_controller_node.cpp:[m[K In constructor â€˜[01m[KMPCControllerNode::MPCControllerNode()[m[Kâ€™:
[1.655s] [01m[K/home/yucheng/mpc_motion_control_projects/mpc_ws/src/mpc_car_control/src/mpc_controller_node.cpp:19:5:[m[K [01;31m[Kerror: [m[Kâ€˜[01m[Kpublisher_[m[Kâ€™ was not declared in this scope; did you mean â€˜[01m[Krcl_publisher_t[m[Kâ€™?
[1.655s]    19 |     [01;31m[Kpublisher_[m[K =
[1.655s]       |     [01;31m[K^~~~~~~~~~[m[K
[1.655s]       |     [32m[Krcl_publisher_t[m[K
[1.662s] [01m[K/home/yucheng/mpc_motion_control_projects/mpc_ws/src/mpc_car_control/src/mpc_controller_node.cpp:23:5:[m[K [01;31m[Kerror: [m[Kâ€˜[01m[Ksubscription_traj_[m[Kâ€™ was not declared in this scope
[1.662s]    23 |     [01;31m[Ksubscription_traj_[m[K =
[1.662s]       |     [01;31m[K^~~~~~~~~~~~~~~~~~[m[K
[1.681s] [01m[K/home/yucheng/mpc_motion_control_projects/mpc_ws/src/mpc_car_control/src/mpc_controller_node.cpp:28:5:[m[K [01;31m[Kerror: [m[Kâ€˜[01m[Ksubscription_state_[m[Kâ€™ was not declared in this scope
[1.681s]    28 |     [01;31m[Ksubscription_state_[m[K =
[1.681s]       |     [01;31m[K^~~~~~~~~~~~~~~~~~~[m[K
[1.692s] [01m[K/home/yucheng/mpc_motion_control_projects/mpc_ws/src/mpc_car_control/src/mpc_controller_node.cpp:34:5:[m[K [01;31m[Kerror: [m[Kâ€˜[01m[Ktimer_[m[Kâ€™ was not declared in this scope; did you mean â€˜[01m[Ktimer_t[m[Kâ€™?
[1.692s]    34 |     [01;31m[Ktimer_[m[K = this->create_wall_timer(
[1.692s]       |     [01;31m[K^~~~~~[m[K
[1.692s]       |     [32m[Ktimer_t[m[K
[1.703s] [01m[K/home/yucheng/mpc_motion_control_projects/mpc_ws/src/mpc_car_control/src/mpc_controller_node.cpp:37:5:[m[K [01;31m[Kerror: [m[Kâ€˜[01m[Ku_prev_[m[Kâ€™ was not declared in this scope
[1.703s]    37 |     [01;31m[Ku_prev_[m[K = Eigen::VectorXd::Zero(nu_);
[1.703s]       |     [01;31m[K^~~~~~~[m[K
[1.719s] [01m[K/home/yucheng/mpc_motion_control_projects/mpc_ws/src/mpc_car_control/src/mpc_controller_node.cpp:40:5:[m[K [01;31m[Kerror: [m[Kâ€˜[01m[KAd_[m[Kâ€™ was not declared in this scope
[1.719s]    40 |     [01;31m[KAd_[m[K = Eigen::MatrixXd::Identity(nx_, nx_);
[1.719s]       |     [01;31m[K^~~[m[K
[1.736s] [01m[K/home/yucheng/mpc_motion_control_projects/mpc_ws/src/mpc_car_control/src/mpc_controller_node.cpp:41:5:[m[K [01;31m[Kerror: [m[Kâ€˜[01m[KBd_[m[Kâ€™ was not declared in this scope
[1.736s]    41 |     [01;31m[KBd_[m[K = Eigen::MatrixXd::Zero(nx_, nu_);
[1.736s]       |     [01;31m[K^~~[m[K
[1.913s] [01m[K/home/yucheng/mpc_motion_control_projects/mpc_ws/src/mpc_car_control/src/mpc_controller_node.cpp:[m[K In member function â€˜[01m[Kvoid MPCControllerNode::traj_callback(mpc_car_control::msg::ReferenceTrajectory_<std::allocator<void> >::SharedPtr)[m[Kâ€™:
[1.913s] [01m[K/home/yucheng/mpc_motion_control_projects/mpc_ws/src/mpc_car_control/src/mpc_controller_node.cpp:66:5:[m[K [01;31m[Kerror: [m[Kâ€˜[01m[Kcurrent_trajectory_[m[Kâ€™ was not declared in this scope
[1.913s]    66 |     [01;31m[Kcurrent_trajectory_[m[K = *msg;
[1.913s]       |     [01;31m[K^~~~~~~~~~~~~~~~~~~[m[K
[1.918s] [01m[K/home/yucheng/mpc_motion_control_projects/mpc_ws/src/mpc_car_control/src/mpc_controller_node.cpp:[m[K In member function â€˜[01m[Kvoid MPCControllerNode::state_callback(mpc_car_control::msg::VehicleState_<std::allocator<void> >::SharedPtr)[m[Kâ€™:
[1.918s] [01m[K/home/yucheng/mpc_motion_control_projects/mpc_ws/src/mpc_car_control/src/mpc_controller_node.cpp:70:5:[m[K [01;31m[Kerror: [m[Kâ€˜[01m[Kcurrent_state_[m[Kâ€™ was not declared in this scope
[1.918s]    70 |     [01;31m[Kcurrent_state_[m[K = *msg;
[1.918s]       |     [01;31m[K^~~~~~~~~~~~~~[m[K
[1.922s] [01m[K/home/yucheng/mpc_motion_control_projects/mpc_ws/src/mpc_car_control/src/mpc_controller_node.cpp:71:5:[m[K [01;31m[Kerror: [m[Kâ€˜[01m[Kstate_received_[m[Kâ€™ was not declared in this scope
[1.922s]    71 |     [01;31m[Kstate_received_[m[K = true;
[1.922s]       |     [01;31m[K^~~~~~~~~~~~~~~[m[K
[1.927s] [01m[K/home/yucheng/mpc_motion_control_projects/mpc_ws/src/mpc_car_control/src/mpc_controller_node.cpp:[m[K In member function â€˜[01m[Kvoid MPCControllerNode::control_loop()[m[Kâ€™:
[1.927s] [01m[K/home/yucheng/mpc_motion_control_projects/mpc_ws/src/mpc_car_control/src/mpc_controller_node.cpp:125:10:[m[K [01;31m[Kerror: [m[Kâ€˜[01m[Kstate_received_[m[Kâ€™ was not declared in this scope
[1.927s]   125 |     if (![01;31m[Kstate_received_[m[K || current_trajectory_.points.empty()) {
[1.927s]       |          [01;31m[K^~~~~~~~~~~~~~~[m[K
[1.931s] [01m[K/home/yucheng/mpc_motion_control_projects/mpc_ws/src/mpc_car_control/src/mpc_controller_node.cpp:125:29:[m[K [01;31m[Kerror: [m[Kâ€˜[01m[Kcurrent_trajectory_[m[Kâ€™ was not declared in this scope
[1.931s]   125 |     if (!state_received_ || [01;31m[Kcurrent_trajectory_[m[K.points.empty()) {
[1.932s]       |                             [01;31m[K^~~~~~~~~~~~~~~~~~~[m[K
[1.935s] [01m[K/home/yucheng/mpc_motion_control_projects/mpc_ws/src/mpc_car_control/src/mpc_controller_node.cpp:131:11:[m[K [01;31m[Kerror: [m[Kâ€˜[01m[Kcurrent_state_[m[Kâ€™ was not declared in this scope
[1.935s]   131 |     x0 << [01;31m[Kcurrent_state_[m[K.x, current_state_.y, current_state_.yaw,
[1.935s]       |           [01;31m[K^~~~~~~~~~~~~~[m[K
[1.940s] [01m[K/home/yucheng/mpc_motion_control_projects/mpc_ws/src/mpc_car_control/src/mpc_controller_node.cpp:138:28:[m[K [01;31m[Kerror: [m[Kâ€˜[01m[Kcurrent_trajectory_[m[Kâ€™ was not declared in this scope
[1.940s]   138 |     for (size_t i = 0; i < [01;31m[Kcurrent_trajectory_[m[K.points.size(); ++i) {
[1.940s]       |                            [01;31m[K^~~~~~~~~~~~~~~~~~~[m[K
[1.945s] [01m[K/home/yucheng/mpc_motion_control_projects/mpc_ws/src/mpc_car_control/src/mpc_controller_node.cpp:150:35:[m[K [01;31m[Kerror: [m[Kâ€˜[01m[Kcurrent_trajectory_[m[Kâ€™ was not declared in this scope
[1.945s]   150 |         std::min(closest_idx + 5, [01;31m[Kcurrent_trajectory_[m[K.points.size() - 1);
[1.945s]       |                                   [01;31m[K^~~~~~~~~~~~~~~~~~~[m[K
[1.948s] [01m[K/home/yucheng/mpc_motion_control_projects/mpc_ws/src/mpc_car_control/src/mpc_controller_node.cpp:161:9:[m[K [01;31m[Kerror: [m[Kâ€˜[01m[Kfirst_run_[m[Kâ€™ was not declared in this scope
[1.948s]   161 |     if ([01;31m[Kfirst_run_[m[K ||
[1.948s]       |         [01;31m[K^~~~~~~~~~[m[K
[1.953s] [01m[K/home/yucheng/mpc_motion_control_projects/mpc_ws/src/mpc_car_control/src/mpc_controller_node.cpp:162:25:[m[K [01;31m[Kerror: [m[Kâ€˜[01m[Klast_linearization_time_[m[Kâ€™ was not declared in this scope
[1.953s]   162 |         (current_time - [01;31m[Klast_linearization_time_[m[K).seconds() >= 0.5) {
[1.953s]       |                         [01;31m[K^~~~~~~~~~~~~~~~~~~~~~~~[m[K
[1.955s] [01m[K/home/yucheng/mpc_motion_control_projects/mpc_ws/src/mpc_car_control/src/mpc_controller_node.cpp:177:7:[m[K [01;31m[Kerror: [m[Kâ€˜[01m[KAd_[m[Kâ€™ was not declared in this scope
[1.955s]   177 |       [01;31m[KAd_[m[K = I + Ac * dt_ + 0.5 * Ac * Ac * dt_ * dt_;
[1.955s]       |       [01;31m[K^~~[m[K
[2.008s] [01m[K/home/yucheng/mpc_motion_control_projects/mpc_ws/src/mpc_car_control/src/mpc_controller_node.cpp:178:7:[m[K [01;31m[Kerror: [m[Kâ€˜[01m[KBd_[m[Kâ€™ was not declared in this scope
[2.008s]   178 |       [01;31m[KBd_[m[K = (I + 0.5 * Ac * dt_) * Bc * dt_;
[2.008s]       |       [01;31m[K^~~[m[K
[2.034s] [01m[K/home/yucheng/mpc_motion_control_projects/mpc_ws/src/mpc_car_control/src/mpc_controller_node.cpp:182:26:[m[K [01;31m[Kerror: [m[Kâ€˜[01m[KAd_[m[Kâ€™ was not declared in this scope; did you mean â€˜[01m[KAd[m[Kâ€™?
[2.034s]   182 |     Eigen::MatrixXd Ad = [01;31m[KAd_[m[K;
[2.034s]       |                          [01;31m[K^~~[m[K
[2.034s]       |                          [32m[KAd[m[K
[2.035s] [01m[K/home/yucheng/mpc_motion_control_projects/mpc_ws/src/mpc_car_control/src/mpc_controller_node.cpp:183:26:[m[K [01;31m[Kerror: [m[Kâ€˜[01m[KBd_[m[Kâ€™ was not declared in this scope; did you mean â€˜[01m[KBd[m[Kâ€™?
[2.035s]   183 |     Eigen::MatrixXd Bd = [01;31m[KBd_[m[K;
[2.035s]       |                          [01;31m[K^~~[m[K
[2.035s]       |                          [32m[KBd[m[K
[2.081s] [01m[K/home/yucheng/mpc_motion_control_projects/mpc_ws/src/mpc_car_control/src/mpc_controller_node.cpp:280:21:[m[K [01;31m[Kerror: [m[Kâ€˜[01m[Ku_prev_[m[Kâ€™ was not declared in this scope
[2.081s]   280 |       C.head(nu_) = [01;31m[Ku_prev_[m[K;
[2.081s]       |                     [01;31m[K^~~~~~~[m[K
[2.172s] [01m[K/home/yucheng/mpc_motion_control_projects/mpc_ws/src/mpc_car_control/src/mpc_controller_node.cpp:309:7:[m[K [01;31m[Kerror: [m[Kâ€˜[01m[Kpublisher_[m[Kâ€™ was not declared in this scope; did you mean â€˜[01m[Krcl_publisher_t[m[Kâ€™?
[2.172s]   309 |       [01;31m[Kpublisher_[m[K->publish(cmd_msg);
[2.172s]       |       [01;31m[K^~~~~~~~~~[m[K
[2.172s]       |       [32m[Krcl_publisher_t[m[K
[2.176s] [01m[K/home/yucheng/mpc_motion_control_projects/mpc_ws/src/mpc_car_control/src/mpc_controller_node.cpp:330:48:[m[K [01;31m[Kerror: [m[Kâ€˜[01m[KTrajectory[m[Kâ€™ is not a member of â€˜[01m[Kmpc_car_control::msg[m[Kâ€™
[2.177s]   330 |     rclcpp::Subscription<mpc_car_control::msg::[01;31m[KTrajectory[m[K>::SharedPtr
[2.177s]       |                                                [01;31m[K^~~~~~~~~~[m[K
[2.177s] [01m[K/home/yucheng/mpc_motion_control_projects/mpc_ws/src/mpc_car_control/src/mpc_controller_node.cpp:330:48:[m[K [01;31m[Kerror: [m[Kâ€˜[01m[KTrajectory[m[Kâ€™ is not a member of â€˜[01m[Kmpc_car_control::msg[m[Kâ€™
[2.177s] [01m[K/home/yucheng/mpc_motion_control_projects/mpc_ws/src/mpc_car_control/src/mpc_controller_node.cpp:330:58:[m[K [01;31m[Kerror: [m[Ktemplate argument 1 is invalid
[2.177s]   330 |     rclcpp::Subscription<mpc_car_control::msg::Trajectory[01;31m[K>[m[K::SharedPtr
[2.177s]       |                                                          [01;31m[K^[m[K
[2.177s] [01m[K/home/yucheng/mpc_motion_control_projects/mpc_ws/src/mpc_car_control/src/mpc_controller_node.cpp:330:58:[m[K [01;31m[Kerror: [m[Ktemplate argument 3 is invalid
[2.177s] [01m[K/home/yucheng/mpc_motion_control_projects/mpc_ws/src/mpc_car_control/src/mpc_controller_node.cpp:331:9:[m[K [01;31m[Kerror: [m[Kexpected initializer before â€˜[01m[Ksubscription_traj_[m[Kâ€™
[2.177s]   331 |         [01;31m[Ksubscription_traj_[m[K;
[2.178s]       |         [01;31m[K^~~~~~~~~~~~~~~~~~[m[K
[2.183s] [01m[K/home/yucheng/mpc_motion_control_projects/mpc_ws/src/mpc_car_control/src/mpc_controller_node.cpp:336:27:[m[K [01;31m[Kerror: [m[Kâ€˜[01m[KTrajectory[m[Kâ€™ is not a member of â€˜[01m[Kmpc_car_control::msg[m[Kâ€™
[2.183s]   336 |     mpc_car_control::msg::[01;31m[KTrajectory[m[K current_trajectory_;
[2.183s]       |                           [01;31m[K^~~~~~~~~~[m[K
[2.183s] [01m[K/home/yucheng/mpc_motion_control_projects/mpc_ws/src/mpc_car_control/src/mpc_controller_node.cpp:338:10:[m[K [01;35m[Kwarning: [m[Kunused variable â€˜[01m[Kstate_received_[m[Kâ€™ [[01;35m[K-Wunused-variable[m[K]
[2.183s]   338 |     bool [01;35m[Kstate_received_[m[K = false;
[2.184s]       |          [01;35m[K^~~~~~~~~~~~~~~[m[K
[2.184s] [01m[K/home/yucheng/mpc_motion_control_projects/mpc_ws/src/mpc_car_control/src/mpc_controller_node.cpp:341:12:[m[K [01;35m[Kwarning: [m[Kunused variable â€˜[01m[Kdt_[m[Kâ€™ [[01;35m[K-Wunused-variable[m[K]
[2.184s]   341 |     double [01;35m[Kdt_[m[K = 0.01; // 100Hz
[2.184s]       |            [01;35m[K^~~[m[K
[2.184s] [01m[K/home/yucheng/mpc_motion_control_projects/mpc_ws/src/mpc_car_control/src/mpc_controller_node.cpp:342:9:[m[K [01;35m[Kwarning: [m[Kunused variable â€˜[01m[KN_[m[Kâ€™ [[01;35m[K-Wunused-variable[m[K]
[2.184s]   342 |     int [01;35m[KN_[m[K = 50;       // 0.5s Horizon
[2.184s]       |         [01;35m[K^~[m[K
[2.184s] [01m[K/home/yucheng/mpc_motion_control_projects/mpc_ws/src/mpc_car_control/src/mpc_controller_node.cpp:343:12:[m[K [01;35m[Kwarning: [m[Kunused variable â€˜[01m[Km_[m[Kâ€™ [[01;35m[K-Wunused-variable[m[K]
[2.184s]   343 |     double [01;35m[Km_[m[K = 1412.0;
[2.184s]       |            [01;35m[K^~[m[K
[2.184s] [01m[K/home/yucheng/mpc_motion_control_projects/mpc_ws/src/mpc_car_control/src/mpc_controller_node.cpp:344:12:[m[K [01;35m[Kwarning: [m[Kunused variable â€˜[01m[KIz_[m[Kâ€™ [[01;35m[K-Wunused-variable[m[K]
[2.185s]   344 |     double [01;35m[KIz_[m[K = 1536.7;
[2.185s]       |            [01;35m[K^~~[m[K
[2.185s] [01m[K/home/yucheng/mpc_motion_control_projects/mpc_ws/src/mpc_car_control/src/mpc_controller_node.cpp:345:12:[m[K [01;35m[Kwarning: [m[Kunused variable â€˜[01m[Klf_[m[Kâ€™ [[01;35m[K-Wunused-variable[m[K]
[2.185s]   345 |     double [01;35m[Klf_[m[K = 1.015;
[2.185s]       |            [01;35m[K^~~[m[K
[2.185s] [01m[K/home/yucheng/mpc_motion_control_projects/mpc_ws/src/mpc_car_control/src/mpc_controller_node.cpp:346:12:[m[K [01;35m[Kwarning: [m[Kunused variable â€˜[01m[Klr_[m[Kâ€™ [[01;35m[K-Wunused-variable[m[K]
[2.185s]   346 |     double [01;35m[Klr_[m[K = 1.895;
[2.185s]       |            [01;35m[K^~~[m[K
[2.185s] [01m[K/home/yucheng/mpc_motion_control_projects/mpc_ws/src/mpc_car_control/src/mpc_controller_node.cpp:347:12:[m[K [01;35m[Kwarning: [m[Kunused variable â€˜[01m[KCar_[m[Kâ€™ [[01;35m[K-Wunused-variable[m[K]
[2.185s]   347 |     double [01;35m[KCar_[m[K = 60000.0; // N/rad
[2.186s]       |            [01;35m[K^~~~[m[K
[2.186s] [01m[K/home/yucheng/mpc_motion_control_projects/mpc_ws/src/mpc_car_control/src/mpc_controller_node.cpp:351:10:[m[K [01;35m[Kwarning: [m[Kunused variable â€˜[01m[Kfirst_run_[m[Kâ€™ [[01;35m[K-Wunused-variable[m[K]
[2.186s]   351 |     bool [01;35m[Kfirst_run_[m[K = true;
[2.186s]       |          [01;35m[K^~~~~~~~~~[m[K
[2.186s] [01m[K/home/yucheng/mpc_motion_control_projects/mpc_ws/src/mpc_car_control/src/mpc_controller_node.cpp:359:9:[m[K [01;35m[Kwarning: [m[Kunused variable â€˜[01m[Knx_[m[Kâ€™ [[01;35m[K-Wunused-variable[m[K]
[2.186s]   359 |     int [01;35m[Knx_[m[K = 6;
[2.186s]       |         [01;35m[K^~~[m[K
[2.186s] [01m[K/home/yucheng/mpc_motion_control_projects/mpc_ws/src/mpc_car_control/src/mpc_controller_node.cpp:360:9:[m[K [01;35m[Kwarning: [m[Kunused variable â€˜[01m[Knu_[m[Kâ€™ [[01;35m[K-Wunused-variable[m[K]
[2.186s]   360 |     int [01;35m[Knu_[m[K = 2;
[2.186s]       |         [01;35m[K^~~[m[K
[2.187s] [01m[K/home/yucheng/mpc_motion_control_projects/mpc_ws/src/mpc_car_control/src/mpc_controller_node.cpp:[m[K At global scope:
[2.187s] [01m[K/home/yucheng/mpc_motion_control_projects/mpc_ws/src/mpc_car_control/src/mpc_controller_node.cpp:368:3:[m[K [01;31m[Kerror: [m[Kexpected unqualified-id at end of input
[2.187s]   368 |   [01;31m[K}[m[K
[2.187s]       |   [01;31m[K^[m[K
[4.866s] make[2]: *** [CMakeFiles/mpc_controller_node.dir/build.make:79ï¼šCMakeFiles/mpc_controller_node.dir/src/mpc_controller_node.cpp.o] é”™è¯¯ 1
[4.866s] make[1]: *** [CMakeFiles/Makefile2:725ï¼šCMakeFiles/mpc_controller_node.dir/all] é”™è¯¯ 2
[4.866s] make: *** [Makefile:146ï¼šall] é”™è¯¯ 2
[4.868s] Invoked command in '/home/yucheng/mpc_motion_control_projects/mpc_ws/build/mpc_car_control' returned '2': CMAKE_PREFIX_PATH=${CMAKE_PREFIX_PATH}:/opt/ros/foxy /usr/local/bin/cmake --build /home/yucheng/mpc_motion_control_projects/mpc_ws/build/mpc_car_control -- -j12 -l12
