[01m[K/home/yucheng/mpc_motion_control_projects/mpc_ws/src/mpc_car_control/src/pid_controller_node.cpp:183:3:[m[K [01;31m[Kerror: [m[Kâ€˜[01m[KP[m[Kâ€™ does not name a type
  183 |   [01;31m[KP[m[K double kp_lat_, kp_head_;
      |   [01;31m[K^[m[K
[01m[K/home/yucheng/mpc_motion_control_projects/mpc_ws/src/mpc_car_control/src/pid_controller_node.cpp:[m[K In constructor â€˜[01m[KPIDControllerNode::[01;32m[KPIDControllerNode[m[K()[m[Kâ€™:
[01m[K/home/yucheng/mpc_motion_control_projects/mpc_ws/src/mpc_car_control/src/pid_controller_node.cpp:36:5:[m[K [01;31m[Kerror: [m[Kâ€˜[01m[Kkp_lat_[m[Kâ€™ was not declared in this scope; did you mean â€˜[01m[Kkp_v_[m[Kâ€™?
   36 |     [01;31m[Kkp_lat_[m[K = 0.5;  // Cross-track gain
      |     [01;31m[K^~~~~~~[m[K
      |     [32m[Kkp_v_[m[K
[01m[K/home/yucheng/mpc_motion_control_projects/mpc_ws/src/mpc_car_control/src/pid_controller_node.cpp:37:5:[m[K [01;31m[Kerror: [m[Kâ€˜[01m[Kkp_head_[m[Kâ€™ was not declared in this scope
   37 |     [01;31m[Kkp_head_[m[K = 2.0; // Heading error gain
      |     [01;31m[K^~~~~~~~[m[K
[01m[K/home/yucheng/mpc_motion_control_projects/mpc_ws/src/mpc_car_control/src/pid_controller_node.cpp:[m[K In member function â€˜[01m[Kvoid PIDControllerNode::[01;32m[Kstate_callback[m[K(mpc_car_control::msg::VehicleState_<std::allocator<void> >::SharedPtr)[m[Kâ€™:
[01m[K/home/yucheng/mpc_motion_control_projects/mpc_ws/src/mpc_car_control/src/pid_controller_node.cpp:152:25:[m[K [01;31m[Kerror: [m[Kâ€˜[01m[Kkp_lat_[m[Kâ€™ was not declared in this scope; did you mean â€˜[01m[Kkp_v_[m[Kâ€™?
  152 |     double steer_cmd = -[01;31m[Kkp_lat_[m[K * cross_track_error - kp_head_ * heading_error;
      |                         [01;31m[K^~~~~~~[m[K
      |                         [32m[Kkp_v_[m[K
[01m[K/home/yucheng/mpc_motion_control_projects/mpc_ws/src/mpc_car_control/src/pid_controller_node.cpp:152:55:[m[K [01;31m[Kerror: [m[Kâ€˜[01m[Kkp_head_[m[Kâ€™ was not declared in this scope
  152 |     double steer_cmd = -kp_lat_ * cross_track_error - [01;31m[Kkp_head_[m[K * heading_error;
      |                                                       [01;31m[K^~~~~~~~[m[K
gmake[2]: *** [CMakeFiles/pid_controller_node.dir/build.make:76ï¼šCMakeFiles/pid_controller_node.dir/src/pid_controller_node.cpp.o] é”™è¯¯ 1
gmake[1]: *** [CMakeFiles/Makefile2:721ï¼šCMakeFiles/pid_controller_node.dir/all] é”™è¯¯ 2
gmake[1]: *** æ­£åœ¨ç­‰å¾…æœªå®Œæˆçš„ä»»åŠ¡....
gmake: *** [Makefile:146ï¼šall] é”™è¯¯ 2
