[0.005s] Invoking command in '/home/yucheng/mpc_motion_control_projects/mpc_ws/build/mpc_car_control': CMAKE_PREFIX_PATH=${CMAKE_PREFIX_PATH}:/opt/ros/jazzy DEBUGINFOD_URLS=https://debuginfod.ubuntu.com /usr/bin/cmake --build /home/yucheng/mpc_motion_control_projects/mpc_ws/build/mpc_car_control -- -j24 -l24
[0.039s] [  1%] Built target mpc_car_control__rosidl_generator_type_description
[0.043s] [  1%] Built target ament_cmake_python_symlink_mpc_car_control
[0.050s] [  2%] Built target mpc_car_control__cpp
[0.052s] [ 21%] Built target mpc_car_control__rosidl_generator_c
[0.065s] [ 29%] Built target mpc_car_control__rosidl_typesupport_c
[0.066s] [ 60%] Built target mpc_car_control__rosidl_typesupport_introspection_c
[0.066s] [ 68%] Built target mpc_car_control__rosidl_typesupport_introspection_cpp
[0.066s] [ 60%] Built target mpc_car_control__rosidl_typesupport_cpp
[0.066s] [ 60%] Built target mpc_car_control__rosidl_typesupport_fastrtps_c
[0.066s] [ 69%] Built target mpc_car_control__rosidl_typesupport_fastrtps_cpp
[0.084s] [ 72%] [32mBuilding CXX object CMakeFiles/pid_controller_node.dir/src/pid_controller_node.cpp.o[0m
[0.084s] [ 72%] Built target scenario_generator_node
[0.085s] [ 75%] Built target vehicle_interface_node
[0.086s] [ 77%] [32mBuilding CXX object CMakeFiles/control_allocator_node.dir/src/control_allocator_node.cpp.o[0m
[0.087s] [ 78%] Built target visualization_node
[0.087s] [ 80%] Built target vehicle_model_node
[0.088s] [ 81%] [32mBuilding CXX object CMakeFiles/mpc_controller_node.dir/src/mpc_controller_node.cpp.o[0m
[0.098s] [ 81%] Built target mpc_car_control
[0.113s] [ 82%] Built target mpc_car_control__py
[0.129s] [ 89%] Built target mpc_car_control__rosidl_generator_py
[0.145s] [ 96%] Built target mpc_car_control_s__rosidl_typesupport_introspection_c
[0.145s] [ 96%] Built target mpc_car_control_s__rosidl_typesupport_fastrtps_c
[0.145s] [ 96%] Built target mpc_car_control_s__rosidl_typesupport_c
[0.147s] running egg_info
[0.155s] writing mpc_car_control.egg-info/PKG-INFO
[0.155s] writing dependency_links to mpc_car_control.egg-info/dependency_links.txt
[0.156s] writing top-level names to mpc_car_control.egg-info/top_level.txt
[0.175s] reading manifest file 'mpc_car_control.egg-info/SOURCES.txt'
[0.175s] writing manifest file 'mpc_car_control.egg-info/SOURCES.txt'
[0.191s] [ 96%] Built target ament_cmake_python_build_mpc_car_control_egg
[1.105s] [01m[K/home/yucheng/mpc_motion_control_projects/mpc_ws/src/mpc_car_control/src/pid_controller_node.cpp:183:3:[m[K [01;31m[Kerror: [m[K‚Äò[01m[KP[m[K‚Äô does not name a type
[1.105s]   183 |   [01;31m[KP[m[K double kp_lat_, kp_head_;
[1.105s]       |   [01;31m[K^[m[K
[1.114s] [01m[K/home/yucheng/mpc_motion_control_projects/mpc_ws/src/mpc_car_control/src/pid_controller_node.cpp:[m[K In constructor ‚Äò[01m[KPIDControllerNode::[01;32m[KPIDControllerNode[m[K()[m[K‚Äô:
[1.114s] [01m[K/home/yucheng/mpc_motion_control_projects/mpc_ws/src/mpc_car_control/src/pid_controller_node.cpp:36:5:[m[K [01;31m[Kerror: [m[K‚Äò[01m[Kkp_lat_[m[K‚Äô was not declared in this scope; did you mean ‚Äò[01m[Kkp_v_[m[K‚Äô?
[1.114s]    36 |     [01;31m[Kkp_lat_[m[K = 0.5;  // Cross-track gain
[1.114s]       |     [01;31m[K^~~~~~~[m[K
[1.114s]       |     [32m[Kkp_v_[m[K
[1.118s] [01m[K/home/yucheng/mpc_motion_control_projects/mpc_ws/src/mpc_car_control/src/pid_controller_node.cpp:37:5:[m[K [01;31m[Kerror: [m[K‚Äò[01m[Kkp_head_[m[K‚Äô was not declared in this scope
[1.118s]    37 |     [01;31m[Kkp_head_[m[K = 2.0; // Heading error gain
[1.118s]       |     [01;31m[K^~~~~~~~[m[K
[1.123s] [01m[K/home/yucheng/mpc_motion_control_projects/mpc_ws/src/mpc_car_control/src/pid_controller_node.cpp:[m[K In member function ‚Äò[01m[Kvoid PIDControllerNode::[01;32m[Kstate_callback[m[K(mpc_car_control::msg::VehicleState_<std::allocator<void> >::SharedPtr)[m[K‚Äô:
[1.123s] [01m[K/home/yucheng/mpc_motion_control_projects/mpc_ws/src/mpc_car_control/src/pid_controller_node.cpp:152:25:[m[K [01;31m[Kerror: [m[K‚Äò[01m[Kkp_lat_[m[K‚Äô was not declared in this scope; did you mean ‚Äò[01m[Kkp_v_[m[K‚Äô?
[1.123s]   152 |     double steer_cmd = -[01;31m[Kkp_lat_[m[K * cross_track_error - kp_head_ * heading_error;
[1.124s]       |                         [01;31m[K^~~~~~~[m[K
[1.124s]       |                         [32m[Kkp_v_[m[K
[1.126s] [01m[K/home/yucheng/mpc_motion_control_projects/mpc_ws/src/mpc_car_control/src/pid_controller_node.cpp:152:55:[m[K [01;31m[Kerror: [m[K‚Äò[01m[Kkp_head_[m[K‚Äô was not declared in this scope
[1.127s]   152 |     double steer_cmd = -kp_lat_ * cross_track_error - [01;31m[Kkp_head_[m[K * heading_error;
[1.127s]       |                                                       [01;31m[K^~~~~~~~[m[K
[2.593s] gmake[2]: *** [CMakeFiles/pid_controller_node.dir/build.make:76ÔºöCMakeFiles/pid_controller_node.dir/src/pid_controller_node.cpp.o] ÈîôËØØ 1
[2.594s] gmake[1]: *** [CMakeFiles/Makefile2:721ÔºöCMakeFiles/pid_controller_node.dir/all] ÈîôËØØ 2
[2.594s] gmake[1]: *** Ê≠£Âú®Á≠âÂæÖÊú™ÂÆåÊàêÁöÑ‰ªªÂä°....
[5.856s] [ 97%] [32m[1mLinking CXX executable control_allocator_node[0m
[6.066s] [ 97%] Built target control_allocator_node
[7.796s] [ 98%] [32m[1mLinking CXX executable mpc_controller_node[0m
[8.033s] [ 98%] Built target mpc_controller_node
[8.034s] gmake: *** [Makefile:146Ôºöall] ÈîôËØØ 2
[8.036s] Invoked command in '/home/yucheng/mpc_motion_control_projects/mpc_ws/build/mpc_car_control' returned '2': CMAKE_PREFIX_PATH=${CMAKE_PREFIX_PATH}:/opt/ros/jazzy DEBUGINFOD_URLS=https://debuginfod.ubuntu.com /usr/bin/cmake --build /home/yucheng/mpc_motion_control_projects/mpc_ws/build/mpc_car_control -- -j24 -l24
