[01m[K/home/yucheng/mpc_motion_control_projects/mpc_ws/src/mpc_car_control/src/mpc_controller_node.cpp:354:3:[m[K [01;31m[Kerror: [m[Kexpected â€˜[01m[K}[m[Kâ€™ at end of input
  354 |   [01;31m[K}[m[K
      |   [01;31m[K^[m[K
[01m[K/home/yucheng/mpc_motion_control_projects/mpc_ws/src/mpc_car_control/src/mpc_controller_node.cpp:16:47:[m[K [01;36m[Knote: [m[Kto match this â€˜[01m[K{[m[Kâ€™
   16 |  [01;36m[K{[m[K
      |  [01;36m[K^[m[K

[01m[K/home/yucheng/mpc_motion_control_projects/mpc_ws/src/mpc_car_control/src/mpc_controller_node.cpp:[m[K In constructor â€˜[01m[KMPCControllerNode::MPCControllerNode()[m[Kâ€™:
[01m[K/home/yucheng/mpc_motion_control_projects/mpc_ws/src/mpc_car_control/src/mpc_controller_node.cpp:19:5:[m[K [01;31m[Kerror: [m[Kâ€˜[01m[Kpublisher_[m[Kâ€™ was not declared in this scope; did you mean â€˜[01m[Krcl_publisher_t[m[Kâ€™?
   19 |     [01;31m[Kpublisher_[m[K =
      |     [01;31m[K^~~~~~~~~~[m[K
      |     [32m[Krcl_publisher_t[m[K
[01m[K/home/yucheng/mpc_motion_control_projects/mpc_ws/src/mpc_car_control/src/mpc_controller_node.cpp:23:5:[m[K [01;31m[Kerror: [m[Kâ€˜[01m[Ksubscription_traj_[m[Kâ€™ was not declared in this scope
   23 |  [01;31m[Ksubscription_traj_[m[K =
      |  [01;31m[K^~~~~~~~~~~~~~~~~~[m[K

[01m[K/home/yucheng/mpc_motion_control_projects/mpc_ws/src/mpc_car_control/src/mpc_controller_node.cpp:28:5:[m[K [01;31m[Kerror: [m[Kâ€˜[01m[Ksubscription_state_[m[Kâ€™ was not declared in this scope
   28 |  [01;31m[Ksubscription_state_[m[K =
      |  [01;31m[K^~~~~~~~~~~~~~~~~~~[m[K

[01m[K/home/yucheng/mpc_motion_control_projects/mpc_ws/src/mpc_car_control/src/mpc_controller_node.cpp:34:5:[m[K [01;31m[Kerror: [m[Kâ€˜[01m[Ktimer_[m[Kâ€™ was not declared in this scope; did you mean â€˜[01m[Ktimer_t[m[Kâ€™?
   34 |  [01;31m[Ktimer_[m[K = this->create_wall_timer(
      |  [01;31m[K^~~~~~[m[K
      |  [32m[Ktimer_t[m[K
[01m[K/home/yucheng/mpc_motion_control_projects/mpc_ws/src/mpc_car_control/src/mpc_controller_node.cpp:37:5:[m[K [01;31m[Kerror: [m[Kâ€˜[01m[Ku_prev_[m[Kâ€™ was not declared in this scope
   37 |  [01;31m[Ku_prev_[m[K = Eigen::VectorXd::Zero(nu_);
      |  [01;31m[K^~~~~~~[m[K

[01m[K/home/yucheng/mpc_motion_control_projects/mpc_ws/src/mpc_car_control/src/mpc_controller_node.cpp:40:5:[m[K [01;31m[Kerror: [m[Kâ€˜[01m[KAd_[m[Kâ€™ was not declared in this scope
   40 |  [01;31m[KAd_[m[K = Eigen::MatrixXd::Identity(nx_, nx_);
      |  [01;31m[K^~~[m[K

[01m[K/home/yucheng/mpc_motion_control_projects/mpc_ws/src/mpc_car_control/src/mpc_controller_node.cpp:41:5:[m[K [01;31m[Kerror: [m[Kâ€˜[01m[KBd_[m[Kâ€™ was not declared in this scope
   41 |  [01;31m[KBd_[m[K = Eigen::MatrixXd::Zero(nx_, nu_);
      |  [01;31m[K^~~[m[K

[01m[K/home/yucheng/mpc_motion_control_projects/mpc_ws/src/mpc_car_control/src/mpc_controller_node.cpp:[m[K In member function â€˜[01m[Kvoid MPCControllerNode::traj_callback(mpc_car_control::msg::ReferenceTrajectory_<std::allocator<void> >::SharedPtr)[m[Kâ€™:
[01m[K/home/yucheng/mpc_motion_control_projects/mpc_ws/src/mpc_car_control/src/mpc_controller_node.cpp:66:5:[m[K [01;31m[Kerror: [m[Kâ€˜[01m[Kcurrent_trajectory_[m[Kâ€™ was not declared in this scope
   66 |  [01;31m[Kcurrent_trajectory_[m[K = *msg;
      |  [01;31m[K^~~~~~~~~~~~~~~~~~~[m[K

[01m[K/home/yucheng/mpc_motion_control_projects/mpc_ws/src/mpc_car_control/src/mpc_controller_node.cpp:[m[K In member function â€˜[01m[Kvoid MPCControllerNode::state_callback(mpc_car_control::msg::VehicleState_<std::allocator<void> >::SharedPtr)[m[Kâ€™:
[01m[K/home/yucheng/mpc_motion_control_projects/mpc_ws/src/mpc_car_control/src/mpc_controller_node.cpp:70:5:[m[K [01;31m[Kerror: [m[Kâ€˜[01m[Kcurrent_state_[m[Kâ€™ was not declared in this scope
   70 |  [01;31m[Kcurrent_state_[m[K = *msg;
      |  [01;31m[K^~~~~~~~~~~~~~[m[K

[01m[K/home/yucheng/mpc_motion_control_projects/mpc_ws/src/mpc_car_control/src/mpc_controller_node.cpp:71:5:[m[K [01;31m[Kerror: [m[Kâ€˜[01m[Kstate_received_[m[Kâ€™ was not declared in this scope
   71 |  [01;31m[Kstate_received_[m[K = true;
      |  [01;31m[K^~~~~~~~~~~~~~~[m[K

[01m[K/home/yucheng/mpc_motion_control_projects/mpc_ws/src/mpc_car_control/src/mpc_controller_node.cpp:[m[K In member function â€˜[01m[Kvoid MPCControllerNode::control_loop()[m[Kâ€™:
[01m[K/home/yucheng/mpc_motion_control_projects/mpc_ws/src/mpc_car_control/src/mpc_controller_node.cpp:125:10:[m[K [01;31m[Kerror: [m[Kâ€˜[01m[Kstate_received_[m[Kâ€™ was not declared in this scope
  125 | ![01;31m[Kstate_received_[m[K || current_trajectory_.points.empty()) {
      |  [01;31m[K^~~~~~~~~~~~~~~[m[K

[01m[K/home/yucheng/mpc_motion_control_projects/mpc_ws/src/mpc_car_control/src/mpc_controller_node.cpp:125:29:[m[K [01;31m[Kerror: [m[Kâ€˜[01m[Kcurrent_trajectory_[m[Kâ€™ was not declared in this scope
  125 |  [01;31m[Kcurrent_trajectory_[m[K.points.empty()) {
      |  [01;31m[K^~~~~~~~~~~~~~~~~~~[m[K

[01m[K/home/yucheng/mpc_motion_control_projects/mpc_ws/src/mpc_car_control/src/mpc_controller_node.cpp:131:11:[m[K [01;31m[Kerror: [m[Kâ€˜[01m[Kcurrent_state_[m[Kâ€™ was not declared in this scope
  131 |  [01;31m[Kcurrent_state_[m[K.x, current_state_.y, current_state_.yaw,
      |  [01;31m[K^~~~~~~~~~~~~~[m[K

[01m[K/home/yucheng/mpc_motion_control_projects/mpc_ws/src/mpc_car_control/src/mpc_controller_node.cpp:138:28:[m[K [01;31m[Kerror: [m[Kâ€˜[01m[Kcurrent_trajectory_[m[Kâ€™ was not declared in this scope
  138 |  [01;31m[Kcurrent_trajectory_[m[K.points.size(); ++i) {
      |  [01;31m[K^~~~~~~~~~~~~~~~~~~[m[K

[01m[K/home/yucheng/mpc_motion_control_projects/mpc_ws/src/mpc_car_control/src/mpc_controller_node.cpp:150:35:[m[K [01;31m[Kerror: [m[Kâ€˜[01m[Kcurrent_trajectory_[m[Kâ€™ was not declared in this scope
  150 |  [01;31m[Kcurrent_trajectory_[m[K.points.size() - 1);
      |  [01;31m[K^~~~~~~~~~~~~~~~~~~[m[K

[01m[K/home/yucheng/mpc_motion_control_projects/mpc_ws/src/mpc_car_control/src/mpc_controller_node.cpp:161:9:[m[K [01;31m[Kerror: [m[Kâ€˜[01m[Kfirst_run_[m[Kâ€™ was not declared in this scope
  161 |   if ([01;31m[Kfirst_run_[m[K ||
      |       [01;31m[K^~~~~~~~~~[m[K

[01m[K/home/yucheng/mpc_motion_control_projects/mpc_ws/src/mpc_car_control/src/mpc_controller_node.cpp:162:25:[m[K [01;31m[Kerror: [m[Kâ€˜[01m[Klast_linearization_time_[m[Kâ€™ was not declared in this scope
  162 |  [01;31m[Klast_linearization_time_[m[K).seconds() >= 0.5) {
      |  [01;31m[K^~~~~~~~~~~~~~~~~~~~~~~~[m[K

[01m[K/home/yucheng/mpc_motion_control_projects/mpc_ws/src/mpc_car_control/src/mpc_controller_node.cpp:177:7:[m[K [01;31m[Kerror: [m[Kâ€˜[01m[KAd_[m[Kâ€™ was not declared in this scope
  177 |  [01;31m[KAd_[m[K = I + Ac * dt_ + 0.5 * Ac * Ac * dt_ * dt_;
      |  [01;31m[K^~~[m[K

[01m[K/home/yucheng/mpc_motion_control_projects/mpc_ws/src/mpc_car_control/src/mpc_controller_node.cpp:178:7:[m[K [01;31m[Kerror: [m[Kâ€˜[01m[KBd_[m[Kâ€™ was not declared in this scope
  178 |  [01;31m[KBd_[m[K = (I + 0.5 * Ac * dt_) * Bc * dt_;
      |  [01;31m[K^~~[m[K

[01m[K/home/yucheng/mpc_motion_control_projects/mpc_ws/src/mpc_car_control/src/mpc_controller_node.cpp:182:26:[m[K [01;31m[Kerror: [m[Kâ€˜[01m[KAd_[m[Kâ€™ was not declared in this scope; did you mean â€˜[01m[KAd[m[Kâ€™?
  182 |  [01;31m[KAd_[m[K;
      |  [01;31m[K^~~[m[K
      |  [32m[KAd[m[K
[01m[K/home/yucheng/mpc_motion_control_projects/mpc_ws/src/mpc_car_control/src/mpc_controller_node.cpp:183:26:[m[K [01;31m[Kerror: [m[Kâ€˜[01m[KBd_[m[Kâ€™ was not declared in this scope; did you mean â€˜[01m[KBd[m[Kâ€™?
  183 |  [01;31m[KBd_[m[K;
      |  [01;31m[K^~~[m[K
      |  [32m[KBd[m[K
[01m[K/home/yucheng/mpc_motion_control_projects/mpc_ws/src/mpc_car_control/src/mpc_controller_node.cpp:280:21:[m[K [01;31m[Kerror: [m[Kâ€˜[01m[Ku_prev_[m[Kâ€™ was not declared in this scope
  280 | ead(nu_) = [01;31m[Ku_prev_[m[K;
      |            [01;31m[K^~~~~~~[m[K

[01m[K/home/yucheng/mpc_motion_control_projects/mpc_ws/src/mpc_car_control/src/mpc_controller_node.cpp:309:7:[m[K [01;31m[Kerror: [m[Kâ€˜[01m[Kpublisher_[m[Kâ€™ was not declared in this scope; did you mean â€˜[01m[Krcl_publisher_t[m[Kâ€™?
  309 |  [01;31m[Kpublisher_[m[K->publish(cmd_msg);
      |  [01;31m[K^~~~~~~~~~[m[K
      |  [32m[Krcl_publisher_t[m[K
[01m[K/home/yucheng/mpc_motion_control_projects/mpc_ws/src/mpc_car_control/src/mpc_controller_node.cpp:338:10:[m[K [01;35m[Kwarning: [m[Kunused variable â€˜[01m[Kstate_received_[m[Kâ€™ [[01;35m[K-Wunused-variable[m[K]
  338 |  [01;35m[Kstate_received_[m[K = false;
      |  [01;35m[K^~~~~~~~~~~~~~~[m[K

[01m[K/home/yucheng/mpc_motion_control_projects/mpc_ws/src/mpc_car_control/src/mpc_controller_node.cpp:344:10:[m[K [01;35m[Kwarning: [m[Kunused variable â€˜[01m[Kfirst_run_[m[Kâ€™ [[01;35m[K-Wunused-variable[m[K]
  344 |  [01;35m[Kfirst_run_[m[K = true;
      |  [01;35m[K^~~~~~~~~~[m[K

[01m[K/home/yucheng/mpc_motion_control_projects/mpc_ws/src/mpc_car_control/src/mpc_controller_node.cpp:[m[K At global scope:
[01m[K/home/yucheng/mpc_motion_control_projects/mpc_ws/src/mpc_car_control/src/mpc_controller_node.cpp:354:3:[m[K [01;31m[Kerror: [m[Kexpected unqualified-id at end of input
  354 |   [01;31m[K}[m[K
      |   [01;31m[K^[m[K
make[2]: *** [CMakeFiles/mpc_controller_node.dir/build.make:79ï¼šCMakeFiles/mpc_controller_node.dir/src/mpc_controller_node.cpp.o] é”™è¯¯ 1
make[1]: *** [CMakeFiles/Makefile2:725ï¼šCMakeFiles/mpc_controller_node.dir/all] é”™è¯¯ 2
make: *** [Makefile:146ï¼šall] é”™è¯¯ 2
