[0.029s] Invoking command in '/home/yucheng/mpc_motion_control_projects/mpc_ws/build/mpc_car_control': CMAKE_PREFIX_PATH=${CMAKE_PREFIX_PATH}:/opt/ros/foxy /usr/local/bin/cmake --build /home/yucheng/mpc_motion_control_projects/mpc_ws/build/mpc_car_control -- -j12 -l12
[0.057s] [  1%] Built target mpc_car_control__cpp
[0.059s] [ 10%] Built target mpc_car_control__rosidl_generator_c
[0.070s] [ 33%] Built target mpc_car_control__rosidl_typesupport_cpp
[0.070s] [ 33%] Built target mpc_car_control__rosidl_typesupport_c
[0.071s] [ 41%] Built target mpc_car_control__rosidl_typesupport_introspection_c
[0.071s] [ 46%] Built target mpc_car_control__rosidl_typesupport_introspection_cpp
[0.071s] [ 55%] Built target mpc_car_control__rosidl_typesupport_fastrtps_cpp
[0.085s] [ 64%] Built target mpc_car_control__rosidl_typesupport_fastrtps_c
[0.094s] [ 64%] Built target mpc_car_control
[0.108s] [ 66%] Built target mpc_car_control__py
[0.112s] [ 71%] Built target control_allocator_node
[0.113s] [ 71%] Built target pid_controller_node
[0.113s] [ 74%] Built target vehicle_interface_node
[0.114s] [ 76%] Built target vehicle_model_node
[0.115s] [ 79%] Built target scenario_generator_node
[0.116s] [ 81%] Built target visualization_node
[0.122s] [ 83%] [32mBuilding CXX object CMakeFiles/mpc_controller_node.dir/src/mpc_controller_node.cpp.o[0m
[0.123s] [ 90%] Built target mpc_car_control__python
[0.135s] [ 98%] Built target mpc_car_control__rosidl_typesupport_c__pyext
[0.135s] [ 98%] Built target mpc_car_control__rosidl_typesupport_fastrtps_c__pyext
[0.135s] [ 98%] Built target mpc_car_control__rosidl_typesupport_introspection_c__pyext
[1.733s] [01m[K/home/yucheng/mpc_motion_control_projects/mpc_ws/src/mpc_car_control/src/mpc_controller_node.cpp:354:3:[m[K [01;31m[Kerror: [m[Kexpected â€˜[01m[K}[m[Kâ€™ at end of input
[1.733s]   354 |   [01;31m[K}[m[K
[1.733s]       |   [01;31m[K^[m[K
[1.733s] [01m[K/home/yucheng/mpc_motion_control_projects/mpc_ws/src/mpc_car_control/src/mpc_controller_node.cpp:16:47:[m[K [01;36m[Knote: [m[Kto match this â€˜[01m[K{[m[Kâ€™
[1.733s]    16 |  [01;36m[K{[m[K
[1.733s]       |  [01;36m[K^[m[K
[1.733s] 
[1.736s] [01m[K/home/yucheng/mpc_motion_control_projects/mpc_ws/src/mpc_car_control/src/mpc_controller_node.cpp:[m[K In constructor â€˜[01m[KMPCControllerNode::MPCControllerNode()[m[Kâ€™:
[1.736s] [01m[K/home/yucheng/mpc_motion_control_projects/mpc_ws/src/mpc_car_control/src/mpc_controller_node.cpp:19:5:[m[K [01;31m[Kerror: [m[Kâ€˜[01m[Kpublisher_[m[Kâ€™ was not declared in this scope; did you mean â€˜[01m[Krcl_publisher_t[m[Kâ€™?
[1.736s]    19 |     [01;31m[Kpublisher_[m[K =
[1.736s]       |     [01;31m[K^~~~~~~~~~[m[K
[1.736s]       |     [32m[Krcl_publisher_t[m[K
[1.743s] [01m[K/home/yucheng/mpc_motion_control_projects/mpc_ws/src/mpc_car_control/src/mpc_controller_node.cpp:23:5:[m[K [01;31m[Kerror: [m[Kâ€˜[01m[Ksubscription_traj_[m[Kâ€™ was not declared in this scope
[1.743s]    23 |  [01;31m[Ksubscription_traj_[m[K =
[1.743s]       |  [01;31m[K^~~~~~~~~~~~~~~~~~[m[K
[1.743s] 
[1.763s] [01m[K/home/yucheng/mpc_motion_control_projects/mpc_ws/src/mpc_car_control/src/mpc_controller_node.cpp:28:5:[m[K [01;31m[Kerror: [m[Kâ€˜[01m[Ksubscription_state_[m[Kâ€™ was not declared in this scope
[1.763s]    28 |  [01;31m[Ksubscription_state_[m[K =
[1.763s]       |  [01;31m[K^~~~~~~~~~~~~~~~~~~[m[K
[1.763s] 
[1.773s] [01m[K/home/yucheng/mpc_motion_control_projects/mpc_ws/src/mpc_car_control/src/mpc_controller_node.cpp:34:5:[m[K [01;31m[Kerror: [m[Kâ€˜[01m[Ktimer_[m[Kâ€™ was not declared in this scope; did you mean â€˜[01m[Ktimer_t[m[Kâ€™?
[1.774s]    34 |  [01;31m[Ktimer_[m[K = this->create_wall_timer(
[1.774s]       |  [01;31m[K^~~~~~[m[K
[1.774s]       |  [32m[Ktimer_t[m[K
[1.784s] [01m[K/home/yucheng/mpc_motion_control_projects/mpc_ws/src/mpc_car_control/src/mpc_controller_node.cpp:37:5:[m[K [01;31m[Kerror: [m[Kâ€˜[01m[Ku_prev_[m[Kâ€™ was not declared in this scope
[1.784s]    37 |  [01;31m[Ku_prev_[m[K = Eigen::VectorXd::Zero(nu_);
[1.784s]       |  [01;31m[K^~~~~~~[m[K
[1.784s] 
[1.801s] [01m[K/home/yucheng/mpc_motion_control_projects/mpc_ws/src/mpc_car_control/src/mpc_controller_node.cpp:40:5:[m[K [01;31m[Kerror: [m[Kâ€˜[01m[KAd_[m[Kâ€™ was not declared in this scope
[1.801s]    40 |  [01;31m[KAd_[m[K = Eigen::MatrixXd::Identity(nx_, nx_);
[1.801s]       |  [01;31m[K^~~[m[K
[1.801s] 
[1.818s] [01m[K/home/yucheng/mpc_motion_control_projects/mpc_ws/src/mpc_car_control/src/mpc_controller_node.cpp:41:5:[m[K [01;31m[Kerror: [m[Kâ€˜[01m[KBd_[m[Kâ€™ was not declared in this scope
[1.818s]    41 |  [01;31m[KBd_[m[K = Eigen::MatrixXd::Zero(nx_, nu_);
[1.818s]       |  [01;31m[K^~~[m[K
[1.818s] 
[1.994s] [01m[K/home/yucheng/mpc_motion_control_projects/mpc_ws/src/mpc_car_control/src/mpc_controller_node.cpp:[m[K In member function â€˜[01m[Kvoid MPCControllerNode::traj_callback(mpc_car_control::msg::ReferenceTrajectory_<std::allocator<void> >::SharedPtr)[m[Kâ€™:
[1.994s] [01m[K/home/yucheng/mpc_motion_control_projects/mpc_ws/src/mpc_car_control/src/mpc_controller_node.cpp:66:5:[m[K [01;31m[Kerror: [m[Kâ€˜[01m[Kcurrent_trajectory_[m[Kâ€™ was not declared in this scope
[1.994s]    66 |  [01;31m[Kcurrent_trajectory_[m[K = *msg;
[1.994s]       |  [01;31m[K^~~~~~~~~~~~~~~~~~~[m[K
[1.994s] 
[2.000s] [01m[K/home/yucheng/mpc_motion_control_projects/mpc_ws/src/mpc_car_control/src/mpc_controller_node.cpp:[m[K In member function â€˜[01m[Kvoid MPCControllerNode::state_callback(mpc_car_control::msg::VehicleState_<std::allocator<void> >::SharedPtr)[m[Kâ€™:
[2.001s] [01m[K/home/yucheng/mpc_motion_control_projects/mpc_ws/src/mpc_car_control/src/mpc_controller_node.cpp:70:5:[m[K [01;31m[Kerror: [m[Kâ€˜[01m[Kcurrent_state_[m[Kâ€™ was not declared in this scope
[2.001s]    70 |  [01;31m[Kcurrent_state_[m[K = *msg;
[2.001s]       |  [01;31m[K^~~~~~~~~~~~~~[m[K
[2.001s] 
[2.004s] [01m[K/home/yucheng/mpc_motion_control_projects/mpc_ws/src/mpc_car_control/src/mpc_controller_node.cpp:71:5:[m[K [01;31m[Kerror: [m[Kâ€˜[01m[Kstate_received_[m[Kâ€™ was not declared in this scope
[2.004s]    71 |  [01;31m[Kstate_received_[m[K = true;
[2.004s]       |  [01;31m[K^~~~~~~~~~~~~~~[m[K
[2.004s] 
[2.009s] [01m[K/home/yucheng/mpc_motion_control_projects/mpc_ws/src/mpc_car_control/src/mpc_controller_node.cpp:[m[K In member function â€˜[01m[Kvoid MPCControllerNode::control_loop()[m[Kâ€™:
[2.009s] [01m[K/home/yucheng/mpc_motion_control_projects/mpc_ws/src/mpc_car_control/src/mpc_controller_node.cpp:125:10:[m[K [01;31m[Kerror: [m[Kâ€˜[01m[Kstate_received_[m[Kâ€™ was not declared in this scope
[2.009s]   125 | ![01;31m[Kstate_received_[m[K || current_trajectory_.points.empty()) {
[2.009s]       |  [01;31m[K^~~~~~~~~~~~~~~[m[K
[2.009s] 
[2.014s] [01m[K/home/yucheng/mpc_motion_control_projects/mpc_ws/src/mpc_car_control/src/mpc_controller_node.cpp:125:29:[m[K [01;31m[Kerror: [m[Kâ€˜[01m[Kcurrent_trajectory_[m[Kâ€™ was not declared in this scope
[2.014s]   125 |  [01;31m[Kcurrent_trajectory_[m[K.points.empty()) {
[2.014s]       |  [01;31m[K^~~~~~~~~~~~~~~~~~~[m[K
[2.014s] 
[2.018s] [01m[K/home/yucheng/mpc_motion_control_projects/mpc_ws/src/mpc_car_control/src/mpc_controller_node.cpp:131:11:[m[K [01;31m[Kerror: [m[Kâ€˜[01m[Kcurrent_state_[m[Kâ€™ was not declared in this scope
[2.018s]   131 |  [01;31m[Kcurrent_state_[m[K.x, current_state_.y, current_state_.yaw,
[2.018s]       |  [01;31m[K^~~~~~~~~~~~~~[m[K
[2.018s] 
[2.022s] [01m[K/home/yucheng/mpc_motion_control_projects/mpc_ws/src/mpc_car_control/src/mpc_controller_node.cpp:138:28:[m[K [01;31m[Kerror: [m[Kâ€˜[01m[Kcurrent_trajectory_[m[Kâ€™ was not declared in this scope
[2.022s]   138 |  [01;31m[Kcurrent_trajectory_[m[K.points.size(); ++i) {
[2.023s]       |  [01;31m[K^~~~~~~~~~~~~~~~~~~[m[K
[2.023s] 
[2.027s] [01m[K/home/yucheng/mpc_motion_control_projects/mpc_ws/src/mpc_car_control/src/mpc_controller_node.cpp:150:35:[m[K [01;31m[Kerror: [m[Kâ€˜[01m[Kcurrent_trajectory_[m[Kâ€™ was not declared in this scope
[2.027s]   150 |  [01;31m[Kcurrent_trajectory_[m[K.points.size() - 1);
[2.027s]       |  [01;31m[K^~~~~~~~~~~~~~~~~~~[m[K
[2.027s] 
[2.030s] [01m[K/home/yucheng/mpc_motion_control_projects/mpc_ws/src/mpc_car_control/src/mpc_controller_node.cpp:161:9:[m[K [01;31m[Kerror: [m[Kâ€˜[01m[Kfirst_run_[m[Kâ€™ was not declared in this scope
[2.030s]   161 |   if ([01;31m[Kfirst_run_[m[K ||
[2.030s]       |       [01;31m[K^~~~~~~~~~[m[K
[2.031s] 
[2.035s] [01m[K/home/yucheng/mpc_motion_control_projects/mpc_ws/src/mpc_car_control/src/mpc_controller_node.cpp:162:25:[m[K [01;31m[Kerror: [m[Kâ€˜[01m[Klast_linearization_time_[m[Kâ€™ was not declared in this scope
[2.036s]   162 |  [01;31m[Klast_linearization_time_[m[K).seconds() >= 0.5) {
[2.036s]       |  [01;31m[K^~~~~~~~~~~~~~~~~~~~~~~~[m[K
[2.036s] 
[2.038s] [01m[K/home/yucheng/mpc_motion_control_projects/mpc_ws/src/mpc_car_control/src/mpc_controller_node.cpp:177:7:[m[K [01;31m[Kerror: [m[Kâ€˜[01m[KAd_[m[Kâ€™ was not declared in this scope
[2.038s]   177 |  [01;31m[KAd_[m[K = I + Ac * dt_ + 0.5 * Ac * Ac * dt_ * dt_;
[2.038s]       |  [01;31m[K^~~[m[K
[2.038s] 
[2.091s] [01m[K/home/yucheng/mpc_motion_control_projects/mpc_ws/src/mpc_car_control/src/mpc_controller_node.cpp:178:7:[m[K [01;31m[Kerror: [m[Kâ€˜[01m[KBd_[m[Kâ€™ was not declared in this scope
[2.091s]   178 |  [01;31m[KBd_[m[K = (I + 0.5 * Ac * dt_) * Bc * dt_;
[2.091s]       |  [01;31m[K^~~[m[K
[2.091s] 
[2.119s] [01m[K/home/yucheng/mpc_motion_control_projects/mpc_ws/src/mpc_car_control/src/mpc_controller_node.cpp:182:26:[m[K [01;31m[Kerror: [m[Kâ€˜[01m[KAd_[m[Kâ€™ was not declared in this scope; did you mean â€˜[01m[KAd[m[Kâ€™?
[2.119s]   182 |  [01;31m[KAd_[m[K;
[2.120s]       |  [01;31m[K^~~[m[K
[2.120s]       |  [32m[KAd[m[K
[2.120s] [01m[K/home/yucheng/mpc_motion_control_projects/mpc_ws/src/mpc_car_control/src/mpc_controller_node.cpp:183:26:[m[K [01;31m[Kerror: [m[Kâ€˜[01m[KBd_[m[Kâ€™ was not declared in this scope; did you mean â€˜[01m[KBd[m[Kâ€™?
[2.120s]   183 |  [01;31m[KBd_[m[K;
[2.121s]       |  [01;31m[K^~~[m[K
[2.121s]       |  [32m[KBd[m[K
[2.170s] [01m[K/home/yucheng/mpc_motion_control_projects/mpc_ws/src/mpc_car_control/src/mpc_controller_node.cpp:280:21:[m[K [01;31m[Kerror: [m[Kâ€˜[01m[Ku_prev_[m[Kâ€™ was not declared in this scope
[2.170s]   280 | ead(nu_) = [01;31m[Ku_prev_[m[K;
[2.170s]       |            [01;31m[K^~~~~~~[m[K
[2.170s] 
[2.264s] [01m[K/home/yucheng/mpc_motion_control_projects/mpc_ws/src/mpc_car_control/src/mpc_controller_node.cpp:309:7:[m[K [01;31m[Kerror: [m[Kâ€˜[01m[Kpublisher_[m[Kâ€™ was not declared in this scope; did you mean â€˜[01m[Krcl_publisher_t[m[Kâ€™?
[2.264s]   309 |  [01;31m[Kpublisher_[m[K->publish(cmd_msg);
[2.264s]       |  [01;31m[K^~~~~~~~~~[m[K
[2.264s]       |  [32m[Krcl_publisher_t[m[K
[2.278s] [01m[K/home/yucheng/mpc_motion_control_projects/mpc_ws/src/mpc_car_control/src/mpc_controller_node.cpp:338:10:[m[K [01;35m[Kwarning: [m[Kunused variable â€˜[01m[Kstate_received_[m[Kâ€™ [[01;35m[K-Wunused-variable[m[K]
[2.278s]   338 |  [01;35m[Kstate_received_[m[K = false;
[2.279s]       |  [01;35m[K^~~~~~~~~~~~~~~[m[K
[2.279s] 
[2.279s] [01m[K/home/yucheng/mpc_motion_control_projects/mpc_ws/src/mpc_car_control/src/mpc_controller_node.cpp:344:10:[m[K [01;35m[Kwarning: [m[Kunused variable â€˜[01m[Kfirst_run_[m[Kâ€™ [[01;35m[K-Wunused-variable[m[K]
[2.279s]   344 |  [01;35m[Kfirst_run_[m[K = true;
[2.279s]       |  [01;35m[K^~~~~~~~~~[m[K
[2.279s] 
[2.282s] [01m[K/home/yucheng/mpc_motion_control_projects/mpc_ws/src/mpc_car_control/src/mpc_controller_node.cpp:[m[K At global scope:
[2.282s] [01m[K/home/yucheng/mpc_motion_control_projects/mpc_ws/src/mpc_car_control/src/mpc_controller_node.cpp:354:3:[m[K [01;31m[Kerror: [m[Kexpected unqualified-id at end of input
[2.282s]   354 |   [01;31m[K}[m[K
[2.283s]       |   [01;31m[K^[m[K
[4.995s] make[2]: *** [CMakeFiles/mpc_controller_node.dir/build.make:79ï¼šCMakeFiles/mpc_controller_node.dir/src/mpc_controller_node.cpp.o] é”™è¯¯ 1
[4.996s] make[1]: *** [CMakeFiles/Makefile2:725ï¼šCMakeFiles/mpc_controller_node.dir/all] é”™è¯¯ 2
[4.996s] make: *** [Makefile:146ï¼šall] é”™è¯¯ 2
[4.999s] Invoked command in '/home/yucheng/mpc_motion_control_projects/mpc_ws/build/mpc_car_control' returned '2': CMAKE_PREFIX_PATH=${CMAKE_PREFIX_PATH}:/opt/ros/foxy /usr/local/bin/cmake --build /home/yucheng/mpc_motion_control_projects/mpc_ws/build/mpc_car_control -- -j12 -l12
