[0.048s] Invoking command in '/home/yucheng/mpc_motion_control_projects/mpc_ws/build/mpc_car_control': CMAKE_PREFIX_PATH=${CMAKE_PREFIX_PATH}:/opt/ros/foxy /usr/local/bin/cmake --build /home/yucheng/mpc_motion_control_projects/mpc_ws/build/mpc_car_control -- -j12 -l12
[0.077s] [  1%] Built target mpc_car_control__cpp
[0.079s] [ 10%] Built target mpc_car_control__rosidl_generator_c
[0.091s] [ 19%] Built target mpc_car_control__rosidl_typesupport_cpp
[0.091s] [ 28%] Built target mpc_car_control__rosidl_typesupport_introspection_cpp
[0.092s] [ 37%] Built target mpc_car_control__rosidl_typesupport_c
[0.092s] [ 46%] Built target mpc_car_control__rosidl_typesupport_fastrtps_cpp
[0.093s] [ 55%] Built target mpc_car_control__rosidl_typesupport_introspection_c
[0.107s] [ 64%] Built target mpc_car_control__rosidl_typesupport_fastrtps_c
[0.117s] [ 64%] Built target mpc_car_control
[0.133s] [ 66%] Built target mpc_car_control__py
[0.134s] [ 68%] Built target control_allocator_node
[0.136s] [ 71%] Built target scenario_generator_node
[0.137s] [ 74%] Built target pid_controller_node
[0.137s] [ 76%] Built target vehicle_interface_node
[0.137s] [ 79%] Built target visualization_node
[0.138s] [ 80%] [32mBuilding CXX object CMakeFiles/vehicle_model_node.dir/src/vehicle_model_node.cpp.o[0m
[0.145s] [ 81%] [32mBuilding CXX object CMakeFiles/mpc_controller_node.dir/src/mpc_controller_node.cpp.o[0m
[0.146s] [ 89%] Built target mpc_car_control__python
[0.159s] [ 94%] Built target mpc_car_control__rosidl_typesupport_fastrtps_c__pyext
[0.159s] [ 94%] Built target mpc_car_control__rosidl_typesupport_introspection_c__pyext
[0.161s] [ 97%] Built target mpc_car_control__rosidl_typesupport_c__pyext
[1.766s] [01m[K/home/yucheng/mpc_motion_control_projects/mpc_ws/src/mpc_car_control/src/mpc_controller_node.cpp:143:3:[m[K [01;31m[Kerror: [m[Kexpected unqualified-id before ‚Äò[01m[Kwhile[m[K‚Äô
[1.767s]   143 |   [01;31m[Kwhile[m[K (x0(2) - ref_yaw_0 > M_PI)
[1.767s]       |   [01;31m[K^~~~~[m[K
[1.767s] [01m[K/home/yucheng/mpc_motion_control_projects/mpc_ws/src/mpc_car_control/src/mpc_controller_node.cpp:145:3:[m[K [01;31m[Kerror: [m[Kexpected unqualified-id before ‚Äò[01m[Kwhile[m[K‚Äô
[1.767s]   145 |   [01;31m[Kwhile[m[K (x0(2) - ref_yaw_0 < -M_PI)
[1.767s]       |   [01;31m[K^~~~~[m[K
[1.784s] [01m[K/home/yucheng/mpc_motion_control_projects/mpc_ws/src/mpc_car_control/src/mpc_controller_node.cpp:153:3:[m[K [01;31m[Kerror: [m[Kexpected unqualified-id before ‚Äò[01m[Kfor[m[K‚Äô
[1.784s]   153 |   [01;31m[Kfor[m[K (int k = 0; k < N; ++k) {
[1.784s]       |   [01;31m[K^~~[m[K
[1.785s] [01m[K/home/yucheng/mpc_motion_control_projects/mpc_ws/src/mpc_car_control/src/mpc_controller_node.cpp:153:19:[m[K [01;31m[Kerror: [m[K‚Äò[01m[Kk[m[K‚Äô does not name a type
[1.785s]   153 |   for (int k = 0; [01;31m[Kk[m[K < N; ++k) {
[1.785s]       |                   [01;31m[K^[m[K
[1.785s] [01m[K/home/yucheng/mpc_motion_control_projects/mpc_ws/src/mpc_car_control/src/mpc_controller_node.cpp:153:26:[m[K [01;31m[Kerror: [m[Kexpected unqualified-id before ‚Äò[01m[K++[m[K‚Äô token
[1.785s]   153 |   for (int k = 0; k < N; [01;31m[K++[m[Kk) {
[1.785s]       |                          [01;31m[K^~[m[K
[1.786s] [01m[K/home/yucheng/mpc_motion_control_projects/mpc_ws/src/mpc_car_control/src/mpc_controller_node.cpp:162:3:[m[K [01;31m[Kerror: [m[K‚Äò[01m[KC[m[K‚Äô does not name a type
[1.786s]   162 |   [01;31m[KC[m[K.head(nu_) = u_prev_;
[1.786s]       |   [01;31m[K^[m[K
[1.787s] [01m[K/home/yucheng/mpc_motion_control_projects/mpc_ws/src/mpc_car_control/src/mpc_controller_node.cpp:173:3:[m[K [01;31m[Kerror: [m[K‚Äò[01m[KH[m[K‚Äô does not name a type
[1.787s]   173 |   [01;31m[KH[m[K += Eigen::MatrixXd::Identity(nu_ * N, nu_ *N) * 1e-3;
[1.787s]       |   [01;31m[K^[m[K
[1.788s] [01m[K/home/yucheng/mpc_motion_control_projects/mpc_ws/src/mpc_car_control/src/mpc_controller_node.cpp:179:3:[m[K [01;31m[Kerror: [m[K‚Äò[01m[Ku_prev_[m[K‚Äô does not name a type
[1.788s]   179 |   [01;31m[Ku_prev_[m[K = u0;
[1.788s]       |   [01;31m[K^~~~~~~[m[K
[1.788s] [01m[K/home/yucheng/mpc_motion_control_projects/mpc_ws/src/mpc_car_control/src/mpc_controller_node.cpp:182:3:[m[K [01;31m[Kerror: [m[Knon-static data member declared with placeholder ‚Äò[01m[Kauto[m[K‚Äô
[1.789s]   182 |   [01;31m[Kauto[m[K cmd_msg = mpc_car_control::msg::ControlCommandBody();
[1.789s]       |   [01;31m[K^~~~[m[K
[1.790s] [01m[K/home/yucheng/mpc_motion_control_projects/mpc_ws/src/mpc_car_control/src/mpc_controller_node.cpp:183:3:[m[K [01;31m[Kerror: [m[K‚Äò[01m[Kcmd_msg[m[K‚Äô does not name a type
[1.790s]   183 |   [01;31m[Kcmd_msg[m[K.header.stamp = this->now();
[1.790s]       |   [01;31m[K^~~~~~~[m[K
[1.791s] [01m[K/home/yucheng/mpc_motion_control_projects/mpc_ws/src/mpc_car_control/src/mpc_controller_node.cpp:184:3:[m[K [01;31m[Kerror: [m[K‚Äò[01m[Kcmd_msg[m[K‚Äô does not name a type
[1.791s]   184 |   [01;31m[Kcmd_msg[m[K.fx = u0(0) * m_;     // Accel -> Force
[1.791s]       |   [01;31m[K^~~~~~~[m[K
[1.792s] [01m[K/home/yucheng/mpc_motion_control_projects/mpc_ws/src/mpc_car_control/src/mpc_controller_node.cpp:185:3:[m[K [01;31m[Kerror: [m[K‚Äò[01m[Kcmd_msg[m[K‚Äô does not name a type
[1.793s]   185 |   [01;31m[Kcmd_msg[m[K.fy = u0(1) * 1000.0; // kN -> N
[1.793s]       |   [01;31m[K^~~~~~~[m[K
[1.794s] [01m[K/home/yucheng/mpc_motion_control_projects/mpc_ws/src/mpc_car_control/src/mpc_controller_node.cpp:186:3:[m[K [01;31m[Kerror: [m[K‚Äò[01m[Kcmd_msg[m[K‚Äô does not name a type
[1.794s]   186 |   [01;31m[Kcmd_msg[m[K.fz =
[1.794s]       |   [01;31m[K^~~~~~~[m[K
[1.795s] [01m[K/home/yucheng/mpc_motion_control_projects/mpc_ws/src/mpc_car_control/src/mpc_controller_node.cpp:193:3:[m[K [01;31m[Kerror: [m[K‚Äò[01m[Kcmd_msg[m[K‚Äô does not name a type
[1.795s]   193 |   [01;31m[Kcmd_msg[m[K.fz = m_ * g_ + u0(2) * 1000.0;
[1.795s]       |   [01;31m[K^~~~~~~[m[K
[1.796s] [01m[K/home/yucheng/mpc_motion_control_projects/mpc_ws/src/mpc_car_control/src/mpc_controller_node.cpp:195:3:[m[K [01;31m[Kerror: [m[K‚Äò[01m[Kcmd_msg[m[K‚Äô does not name a type
[1.797s]   195 |   [01;31m[Kcmd_msg[m[K.mx = u0(3) * 1000.0; // kNm -> Nm
[1.797s]       |   [01;31m[K^~~~~~~[m[K
[1.798s] [01m[K/home/yucheng/mpc_motion_control_projects/mpc_ws/src/mpc_car_control/src/mpc_controller_node.cpp:196:3:[m[K [01;31m[Kerror: [m[K‚Äò[01m[Kcmd_msg[m[K‚Äô does not name a type
[1.798s]   196 |   [01;31m[Kcmd_msg[m[K.my = u0(4) * 1000.0; // kNm -> Nm
[1.798s]       |   [01;31m[K^~~~~~~[m[K
[1.799s] [01m[K/home/yucheng/mpc_motion_control_projects/mpc_ws/src/mpc_car_control/src/mpc_controller_node.cpp:197:3:[m[K [01;31m[Kerror: [m[K‚Äò[01m[Kcmd_msg[m[K‚Äô does not name a type
[1.799s]   197 |   [01;31m[Kcmd_msg[m[K.mz = 0.0;
[1.799s]       |   [01;31m[K^~~~~~~[m[K
[1.802s] [01m[K/home/yucheng/mpc_motion_control_projects/mpc_ws/src/mpc_car_control/src/mpc_controller_node.cpp:199:3:[m[K [01;31m[Kerror: [m[K‚Äò[01m[Kpublisher_[m[K‚Äô does not name a type; did you mean ‚Äò[01m[Krcl_publisher_t[m[K‚Äô?
[1.802s]   199 |   [01;31m[Kpublisher_[m[K->publish(cmd_msg);
[1.802s]       |   [01;31m[K^~~~~~~~~~[m[K
[1.802s]       |   [32m[Krcl_publisher_t[m[K
[1.802s] [01m[K/home/yucheng/mpc_motion_control_projects/mpc_ws/src/mpc_car_control/src/mpc_controller_node.cpp:207:3:[m[K [01;31m[Kerror: [m[Kexpected unqualified-id before ‚Äò[01m[Kwhile[m[K‚Äô
[1.802s]   207 |   [01;31m[Kwhile[m[K (yaw_err > M_PI)
[1.803s]       |   [01;31m[K^~~~~[m[K
[1.803s] [01m[K/home/yucheng/mpc_motion_control_projects/mpc_ws/src/mpc_car_control/src/mpc_controller_node.cpp:209:3:[m[K [01;31m[Kerror: [m[Kexpected unqualified-id before ‚Äò[01m[Kwhile[m[K‚Äô
[1.803s]   209 |   [01;31m[Kwhile[m[K (yaw_err < -M_PI)
[1.803s]       |   [01;31m[K^~~~~[m[K
[1.803s] In file included from [01m[K/opt/ros/foxy/include/rclcpp/service.hpp:34[m[K,
[1.803s]                  from [01m[K/opt/ros/foxy/include/rclcpp/callback_group.hpp:25[m[K,
[1.803s]                  from [01m[K/opt/ros/foxy/include/rclcpp/any_executable.hpp:20[m[K,
[1.803s]                  from [01m[K/opt/ros/foxy/include/rclcpp/memory_strategy.hpp:24[m[K,
[1.804s]                  from [01m[K/opt/ros/foxy/include/rclcpp/memory_strategies.hpp:18[m[K,
[1.804s]                  from [01m[K/opt/ros/foxy/include/rclcpp/executor_options.hpp:20[m[K,
[1.804s]                  from [01m[K/opt/ros/foxy/include/rclcpp/executor.hpp:33[m[K,
[1.804s]                  from [01m[K/opt/ros/foxy/include/rclcpp/executors/multi_threaded_executor.hpp:26[m[K,
[1.804s]                  from [01m[K/opt/ros/foxy/include/rclcpp/executors.hpp:21[m[K,
[1.804s]                  from [01m[K/opt/ros/foxy/include/rclcpp/rclcpp.hpp:146[m[K,
[1.804s]                  from [01m[K/home/yucheng/mpc_motion_control_projects/mpc_ws/src/mpc_car_control/src/mpc_controller_node.cpp:11[m[K:
[1.804s] [01m[K/home/yucheng/mpc_motion_control_projects/mpc_ws/src/mpc_car_control/src/mpc_controller_node.cpp:212:3:[m[K [01;31m[Kerror: [m[Kexpected unqualified-id before ‚Äò[01m[Kdo[m[K‚Äô
[1.805s]   212 |   [01;31m[KRCLCPP_INFO_THROTTLE[m[K(this->get_logger(), *this->get_clock(), 500,
[1.805s]       |   [01;31m[K^~~~~~~~~~~~~~~~~~~~[m[K
[1.805s] [01m[K/home/yucheng/mpc_motion_control_projects/mpc_ws/src/mpc_car_control/src/mpc_controller_node.cpp:212:3:[m[K [01;31m[Kerror: [m[Kexpected unqualified-id before ‚Äò[01m[Kwhile[m[K‚Äô
[1.805s]   212 |   [01;31m[KRCLCPP_INFO_THROTTLE[m[K(this->get_logger(), *this->get_clock(), 500,
[1.805s]       |   [01;31m[K^~~~~~~~~~~~~~~~~~~~[m[K
[1.805s] [01m[K/home/yucheng/mpc_motion_control_projects/mpc_ws/src/mpc_car_control/src/mpc_controller_node.cpp:142:22:[m[K [01;31m[Kerror: [m[K‚Äò[01m[KR_ref[m[K‚Äô was not declared in this scope
[1.805s]   142 |   double ref_yaw_0 = [01;31m[KR_ref[m[K(2);
[1.805s]       |                      [01;31m[K^~~~~[m[K
[1.806s] [01m[K/home/yucheng/mpc_motion_control_projects/mpc_ws/src/mpc_car_control/src/mpc_controller_node.cpp:148:23:[m[K [01;31m[Kerror: [m[K‚Äò[01m[KR_ref[m[K‚Äô was not declared in this scope
[1.806s]   148 |   Eigen::VectorXd E = [01;31m[KR_ref[m[K - Phi * x0;
[1.806s]       |                       [01;31m[K^~~~~[m[K
[1.807s] [01m[K/home/yucheng/mpc_motion_control_projects/mpc_ws/src/mpc_car_control/src/mpc_controller_node.cpp:148:31:[m[K [01;31m[Kerror: [m[K‚Äò[01m[KPhi[m[K‚Äô was not declared in this scope
[1.807s]   148 |   Eigen::VectorXd E = R_ref - [01;31m[KPhi[m[K * x0;
[1.807s]       |                               [01;31m[K^~~[m[K
[1.808s] [01m[K/home/yucheng/mpc_motion_control_projects/mpc_ws/src/mpc_car_control/src/mpc_controller_node.cpp:148:37:[m[K [01;31m[Kerror: [m[K‚Äò[01m[Kx0[m[K‚Äô was not declared in this scope; did you mean ‚Äò[01m[Ku0[m[K‚Äô?
[1.808s]   148 |   Eigen::VectorXd E = R_ref - Phi * [01;31m[Kx0[m[K;
[1.808s]       |                                     [01;31m[K^~[m[K
[1.808s]       |                                     [32m[Ku0[m[K
[1.809s] [01m[K/home/yucheng/mpc_motion_control_projects/mpc_ws/src/mpc_car_control/src/mpc_controller_node.cpp:151:51:[m[K [01;31m[Kerror: [m[K‚Äò[01m[KN[m[K‚Äô was not declared in this scope; did you mean ‚Äò[01m[KN_[m[K‚Äô?
[1.809s]   151 |   Eigen::MatrixXd P = Eigen::MatrixXd::Zero(nu_ * [01;31m[KN[m[K, nu_ *N);
[1.809s]       |                                                   [01;31m[K^[m[K
[1.810s]       |                                                   [32m[KN_[m[K
[1.811s] [01m[K/home/yucheng/mpc_motion_control_projects/mpc_ws/src/mpc_car_control/src/mpc_controller_node.cpp:151:59:[m[K [01;31m[Kerror: [m[K‚Äò[01m[KN[m[K‚Äô was not declared in this scope; did you mean ‚Äò[01m[KN_[m[K‚Äô?
[1.811s]   151 |   Eigen::MatrixXd P = Eigen::MatrixXd::Zero(nu_ * N, nu_ *[01;31m[KN[m[K);
[1.811s]       |                                                           [01;31m[K^[m[K
[1.811s]       |                                                           [32m[KN_[m[K
[1.820s] [01m[K/home/yucheng/mpc_motion_control_projects/mpc_ws/src/mpc_car_control/src/mpc_controller_node.cpp:161:51:[m[K [01;31m[Kerror: [m[K‚Äò[01m[KN[m[K‚Äô was not declared in this scope; did you mean ‚Äò[01m[KN_[m[K‚Äô?
[1.820s]   161 |   Eigen::VectorXd C = Eigen::VectorXd::Zero(nu_ * [01;31m[KN[m[K);
[1.820s]       |                                                   [01;31m[K^[m[K
[1.820s]       |                                                   [32m[KN_[m[K
[1.822s] [01m[K/home/yucheng/mpc_motion_control_projects/mpc_ws/src/mpc_car_control/src/mpc_controller_node.cpp:165:23:[m[K [01;31m[Kerror: [m[K‚Äò[01m[KGamma[m[K‚Äô was not declared in this scope; did you mean ‚Äò[01m[Kgamma[m[K‚Äô?
[1.822s]   165 |   Eigen::MatrixXd H = [01;31m[KGamma[m[K.transpose() * Q_bar * Gamma + R_bar +
[1.822s]       |                       [01;31m[K^~~~~[m[K
[1.822s]       |                       [32m[Kgamma[m[K
[1.824s] [01m[K/home/yucheng/mpc_motion_control_projects/mpc_ws/src/mpc_car_control/src/mpc_controller_node.cpp:165:43:[m[K [01;31m[Kerror: [m[K‚Äò[01m[KQ_bar[m[K‚Äô was not declared in this scope
[1.824s]   165 |   Eigen::MatrixXd H = Gamma.transpose() * [01;31m[KQ_bar[m[K * Gamma + R_bar +
[1.824s]       |                                           [01;31m[K^~~~~[m[K
[1.826s] [01m[K/home/yucheng/mpc_motion_control_projects/mpc_ws/src/mpc_car_control/src/mpc_controller_node.cpp:165:51:[m[K [01;31m[Kerror: [m[K‚Äò[01m[KGamma[m[K‚Äô was not declared in this scope; did you mean ‚Äò[01m[Kgamma[m[K‚Äô?
[1.826s]   165 |   Eigen::MatrixXd H = Gamma.transpose() * Q_bar * [01;31m[KGamma[m[K + R_bar +
[1.826s]       |                                                   [01;31m[K^~~~~[m[K
[1.826s]       |                                                   [32m[Kgamma[m[K
[1.827s] [01m[K/home/yucheng/mpc_motion_control_projects/mpc_ws/src/mpc_car_control/src/mpc_controller_node.cpp:165:59:[m[K [01;31m[Kerror: [m[K‚Äò[01m[KR_bar[m[K‚Äô was not declared in this scope
[1.828s]   165 |   Eigen::MatrixXd H = Gamma.transpose() * Q_bar * Gamma + [01;31m[KR_bar[m[K +
[1.828s]       |                                                           [01;31m[K^~~~~[m[K
[1.839s] [01m[K/home/yucheng/mpc_motion_control_projects/mpc_ws/src/mpc_car_control/src/mpc_controller_node.cpp:166:39:[m[K [01;31m[Kerror: [m[K‚Äò[01m[KR_rate_bar[m[K‚Äô was not declared in this scope
[1.839s]   166 |                       P.transpose() * [01;31m[KR_rate_bar[m[K * P;
[1.839s]       |                                       [01;31m[K^~~~~~~~~~[m[K
[1.840s] [01m[K/home/yucheng/mpc_motion_control_projects/mpc_ws/src/mpc_car_control/src/mpc_controller_node.cpp:170:7:[m[K [01;31m[Kerror: [m[K‚Äò[01m[KGamma[m[K‚Äô was not declared in this scope; did you mean ‚Äò[01m[Kgamma[m[K‚Äô?
[1.840s]   170 |       [01;31m[KGamma[m[K.transpose() * Q_bar * E + P.transpose() * R_rate_bar * C;
[1.840s]       |       [01;31m[K^~~~~[m[K
[1.841s]       |       [32m[Kgamma[m[K
[1.842s] [01m[K/home/yucheng/mpc_motion_control_projects/mpc_ws/src/mpc_car_control/src/mpc_controller_node.cpp:170:27:[m[K [01;31m[Kerror: [m[K‚Äò[01m[KQ_bar[m[K‚Äô was not declared in this scope
[1.842s]   170 |       Gamma.transpose() * [01;31m[KQ_bar[m[K * E + P.transpose() * R_rate_bar * C;
[1.842s]       |                           [01;31m[K^~~~~[m[K
[1.845s] [01m[K/home/yucheng/mpc_motion_control_projects/mpc_ws/src/mpc_car_control/src/mpc_controller_node.cpp:170:55:[m[K [01;31m[Kerror: [m[K‚Äò[01m[KR_rate_bar[m[K‚Äô was not declared in this scope
[1.845s]   170 |       Gamma.transpose() * Q_bar * E + P.transpose() * [01;31m[KR_rate_bar[m[K * C;
[1.845s]       |                                                       [01;31m[K^~~~~~~~~~[m[K
[1.876s] [01m[K/home/yucheng/mpc_motion_control_projects/mpc_ws/src/mpc_car_control/src/mpc_controller_node.cpp:202:15:[m[K [01;31m[Kerror: [m[K‚Äò[01m[Kcurrent_trajectory_[m[K‚Äô was not declared in this scope
[1.876s]   202 |   double dx = [01;31m[Kcurrent_trajectory_[m[K.points[closest_idx].x - current_state_.x;
[1.876s]       |               [01;31m[K^~~~~~~~~~~~~~~~~~~[m[K
[1.879s] [01m[K/home/yucheng/mpc_motion_control_projects/mpc_ws/src/mpc_car_control/src/mpc_controller_node.cpp:202:42:[m[K [01;31m[Kerror: [m[K‚Äò[01m[Kclosest_idx[m[K‚Äô was not declared in this scope
[1.879s]   202 |   double dx = current_trajectory_.points[[01;31m[Kclosest_idx[m[K].x - current_state_.x;
[1.879s]       |                                          [01;31m[K^~~~~~~~~~~[m[K
[1.882s] [01m[K/home/yucheng/mpc_motion_control_projects/mpc_ws/src/mpc_car_control/src/mpc_controller_node.cpp:202:59:[m[K [01;31m[Kerror: [m[K‚Äò[01m[Kcurrent_state_[m[K‚Äô was not declared in this scope
[1.883s]   202 |   double dx = current_trajectory_.points[closest_idx].x - [01;31m[Kcurrent_state_[m[K.x;
[1.883s]       |                                                           [01;31m[K^~~~~~~~~~~~~~[m[K
[1.887s] [01m[K/home/yucheng/mpc_motion_control_projects/mpc_ws/src/mpc_car_control/src/mpc_controller_node.cpp:203:15:[m[K [01;31m[Kerror: [m[K‚Äò[01m[Kcurrent_trajectory_[m[K‚Äô was not declared in this scope
[1.887s]   203 |   double dy = [01;31m[Kcurrent_trajectory_[m[K.points[closest_idx].y - current_state_.y;
[1.887s]       |               [01;31m[K^~~~~~~~~~~~~~~~~~~[m[K
[1.890s] [01m[K/home/yucheng/mpc_motion_control_projects/mpc_ws/src/mpc_car_control/src/mpc_controller_node.cpp:203:42:[m[K [01;31m[Kerror: [m[K‚Äò[01m[Kclosest_idx[m[K‚Äô was not declared in this scope
[1.890s]   203 |   double dy = current_trajectory_.points[[01;31m[Kclosest_idx[m[K].y - current_state_.y;
[1.890s]       |                                          [01;31m[K^~~~~~~~~~~[m[K
[1.893s] [01m[K/home/yucheng/mpc_motion_control_projects/mpc_ws/src/mpc_car_control/src/mpc_controller_node.cpp:203:59:[m[K [01;31m[Kerror: [m[K‚Äò[01m[Kcurrent_state_[m[K‚Äô was not declared in this scope
[1.893s]   203 |   double dy = current_trajectory_.points[closest_idx].y - [01;31m[Kcurrent_state_[m[K.y;
[1.894s]       |                                                           [01;31m[K^~~~~~~~~~~~~~[m[K
[1.898s] [01m[K/home/yucheng/mpc_motion_control_projects/mpc_ws/src/mpc_car_control/src/mpc_controller_node.cpp:206:7:[m[K [01;31m[Kerror: [m[K‚Äò[01m[Kcurrent_trajectory_[m[K‚Äô was not declared in this scope
[1.898s]   206 |       [01;31m[Kcurrent_trajectory_[m[K.yaw_profile[closest_idx] - current_state_.yaw;
[1.898s]       |       [01;31m[K^~~~~~~~~~~~~~~~~~~[m[K
[1.901s] [01m[K/home/yucheng/mpc_motion_control_projects/mpc_ws/src/mpc_car_control/src/mpc_controller_node.cpp:206:39:[m[K [01;31m[Kerror: [m[K‚Äò[01m[Kclosest_idx[m[K‚Äô was not declared in this scope
[1.901s]   206 |       current_trajectory_.yaw_profile[[01;31m[Kclosest_idx[m[K] - current_state_.yaw;
[1.901s]       |                                       [01;31m[K^~~~~~~~~~~[m[K
[1.904s] [01m[K/home/yucheng/mpc_motion_control_projects/mpc_ws/src/mpc_car_control/src/mpc_controller_node.cpp:206:54:[m[K [01;31m[Kerror: [m[K‚Äò[01m[Kcurrent_state_[m[K‚Äô was not declared in this scope
[1.904s]   206 |       current_trajectory_.yaw_profile[closest_idx] - [01;31m[Kcurrent_state_[m[K.yaw;
[1.905s]       |                                                      [01;31m[K^~~~~~~~~~~~~~[m[K
[1.907s] [01m[K/home/yucheng/mpc_motion_control_projects/mpc_ws/src/mpc_car_control/src/mpc_controller_node.cpp:[m[K In constructor ‚Äò[01m[KMPCControllerNode::MPCControllerNode()[m[K‚Äô:
[1.907s] [01m[K/home/yucheng/mpc_motion_control_projects/mpc_ws/src/mpc_car_control/src/mpc_controller_node.cpp:19:5:[m[K [01;31m[Kerror: [m[K‚Äò[01m[Kpublisher_[m[K‚Äô was not declared in this scope; did you mean ‚Äò[01m[Krcl_publisher_t[m[K‚Äô?
[1.908s]    19 |     [01;31m[Kpublisher_[m[K =
[1.908s]       |     [01;31m[K^~~~~~~~~~[m[K
[1.908s]       |     [32m[Krcl_publisher_t[m[K
[1.915s] [01m[K/home/yucheng/mpc_motion_control_projects/mpc_ws/src/mpc_car_control/src/mpc_controller_node.cpp:23:5:[m[K [01;31m[Kerror: [m[K‚Äò[01m[Ksubscription_traj_[m[K‚Äô was not declared in this scope
[1.915s]    23 |     [01;31m[Ksubscription_traj_[m[K =
[1.915s]       |     [01;31m[K^~~~~~~~~~~~~~~~~~[m[K
[1.944s] [01m[K/home/yucheng/mpc_motion_control_projects/mpc_ws/src/mpc_car_control/src/mpc_controller_node.cpp:28:5:[m[K [01;31m[Kerror: [m[K‚Äò[01m[Ksubscription_state_[m[K‚Äô was not declared in this scope
[1.944s]    28 |     [01;31m[Ksubscription_state_[m[K =
[1.944s]       |     [01;31m[K^~~~~~~~~~~~~~~~~~~[m[K
[1.955s] [01m[K/home/yucheng/mpc_motion_control_projects/mpc_ws/src/mpc_car_control/src/mpc_controller_node.cpp:34:5:[m[K [01;31m[Kerror: [m[K‚Äò[01m[Ktimer_[m[K‚Äô was not declared in this scope; did you mean ‚Äò[01m[Ktimer_t[m[K‚Äô?
[1.955s]    34 |     [01;31m[Ktimer_[m[K = this->create_wall_timer(
[1.955s]       |     [01;31m[K^~~~~~[m[K
[1.956s]       |     [32m[Ktimer_t[m[K
[1.956s] [01m[K/home/yucheng/mpc_motion_control_projects/mpc_ws/src/mpc_car_control/src/mpc_controller_node.cpp:35:45:[m[K [01;31m[Kerror: [m[K‚Äò[01m[Kcontrol_loop[m[K‚Äô is not a member of ‚Äò[01m[KMPCControllerNode[m[K‚Äô
[1.956s]    35 |         10ms, std::bind(&MPCControllerNode::[01;31m[Kcontrol_loop[m[K, this));
[1.956s]       |                                             [01;31m[K^~~~~~~~~~~~[m[K
[1.957s] [01m[K/home/yucheng/mpc_motion_control_projects/mpc_ws/src/mpc_car_control/src/mpc_controller_node.cpp:37:5:[m[K [01;31m[Kerror: [m[K‚Äò[01m[Ku_prev_[m[K‚Äô was not declared in this scope
[1.957s]    37 |     [01;31m[Ku_prev_[m[K = Eigen::VectorXd::Zero(nu_);
[1.957s]       |     [01;31m[K^~~~~~~[m[K
[1.965s] [01m[K/home/yucheng/mpc_motion_control_projects/mpc_ws/src/mpc_car_control/src/mpc_controller_node.cpp:40:5:[m[K [01;31m[Kerror: [m[K‚Äò[01m[KAd_[m[K‚Äô was not declared in this scope
[1.965s]    40 |     [01;31m[KAd_[m[K = Eigen::MatrixXd::Identity(nx_, nx_);
[1.966s]       |     [01;31m[K^~~[m[K
[1.967s] [01m[K/home/yucheng/mpc_motion_control_projects/mpc_ws/src/mpc_car_control/src/mpc_controller_node.cpp:41:5:[m[K [01;31m[Kerror: [m[K‚Äò[01m[KBd_[m[K‚Äô was not declared in this scope
[1.967s]    41 |     [01;31m[KBd_[m[K = Eigen::MatrixXd::Zero(nx_, nu_);
[1.967s]       |     [01;31m[K^~~[m[K
[2.149s] [01m[K/home/yucheng/mpc_motion_control_projects/mpc_ws/src/mpc_car_control/src/mpc_controller_node.cpp:[m[K In member function ‚Äò[01m[Kvoid MPCControllerNode::traj_callback(mpc_car_control::msg::ReferenceTrajectory_<std::allocator<void> >::SharedPtr)[m[K‚Äô:
[2.149s] [01m[K/home/yucheng/mpc_motion_control_projects/mpc_ws/src/mpc_car_control/src/mpc_controller_node.cpp:68:5:[m[K [01;31m[Kerror: [m[K‚Äò[01m[Kcurrent_trajectory_[m[K‚Äô was not declared in this scope
[2.149s]    68 |     [01;31m[Kcurrent_trajectory_[m[K = *msg;
[2.149s]       |     [01;31m[K^~~~~~~~~~~~~~~~~~~[m[K
[2.155s] [01m[K/home/yucheng/mpc_motion_control_projects/mpc_ws/src/mpc_car_control/src/mpc_controller_node.cpp:[m[K In member function ‚Äò[01m[Kvoid MPCControllerNode::state_callback(mpc_car_control::msg::VehicleState_<std::allocator<void> >::SharedPtr)[m[K‚Äô:
[2.155s] [01m[K/home/yucheng/mpc_motion_control_projects/mpc_ws/src/mpc_car_control/src/mpc_controller_node.cpp:72:5:[m[K [01;31m[Kerror: [m[K‚Äò[01m[Kcurrent_state_[m[K‚Äô was not declared in this scope
[2.155s]    72 |     [01;31m[Kcurrent_state_[m[K = *msg;
[2.155s]       |     [01;31m[K^~~~~~~~~~~~~~[m[K
[2.159s] [01m[K/home/yucheng/mpc_motion_control_projects/mpc_ws/src/mpc_car_control/src/mpc_controller_node.cpp:73:5:[m[K [01;31m[Kerror: [m[K‚Äò[01m[Kstate_received_[m[K‚Äô was not declared in this scope
[2.159s]    73 |     [01;31m[Kstate_received_[m[K = true;
[2.159s]       |     [01;31m[K^~~~~~~~~~~~~~~[m[K
[2.162s] [01m[K/home/yucheng/mpc_motion_control_projects/mpc_ws/src/mpc_car_control/src/mpc_controller_node.cpp:[m[K In member function ‚Äò[01m[Kvoid MPCControllerNode::get_linearized_matrices(const VectorXd&, Eigen::MatrixXd&, Eigen::MatrixXd&)[m[K‚Äô:
[2.162s] [01m[K/home/yucheng/mpc_motion_control_projects/mpc_ws/src/mpc_car_control/src/mpc_controller_node.cpp:135:5:[m[K [01;31m[Kerror: [m[K‚Äò[01m[KQ_bar[m[K‚Äô was not declared in this scope
[2.162s]   135 |     [01;31m[KQ_bar[m[K.block(k * nx_, k * nx_, nx_, nx_) = Q_diag.asDiagonal();
[2.162s]       |     [01;31m[K^~~~~[m[K
[2.164s] [01m[K/home/yucheng/mpc_motion_control_projects/mpc_ws/src/mpc_car_control/src/mpc_controller_node.cpp:135:17:[m[K [01;31m[Kerror: [m[K‚Äò[01m[Kk[m[K‚Äô was not declared in this scope
[2.164s]   135 |     Q_bar.block([01;31m[Kk[m[K * nx_, k * nx_, nx_, nx_) = Q_diag.asDiagonal();
[2.164s]       |                 [01;31m[K^[m[K
[2.166s] [01m[K/home/yucheng/mpc_motion_control_projects/mpc_ws/src/mpc_car_control/src/mpc_controller_node.cpp:135:47:[m[K [01;31m[Kerror: [m[K‚Äò[01m[KQ_diag[m[K‚Äô was not declared in this scope
[2.166s]   135 |     Q_bar.block(k * nx_, k * nx_, nx_, nx_) = [01;31m[KQ_diag[m[K.asDiagonal();
[2.166s]       |                                               [01;31m[K^~~~~~[m[K
[2.167s] [01m[K/home/yucheng/mpc_motion_control_projects/mpc_ws/src/mpc_car_control/src/mpc_controller_node.cpp:136:5:[m[K [01;31m[Kerror: [m[K‚Äò[01m[KR_bar[m[K‚Äô was not declared in this scope
[2.167s]   136 |     [01;31m[KR_bar[m[K.block(k * nu_, k * nu_, nu_, nu_) = R_diag.asDiagonal();
[2.168s]       |     [01;31m[K^~~~~[m[K
[2.169s] [01m[K/home/yucheng/mpc_motion_control_projects/mpc_ws/src/mpc_car_control/src/mpc_controller_node.cpp:136:47:[m[K [01;31m[Kerror: [m[K‚Äò[01m[KR_diag[m[K‚Äô was not declared in this scope
[2.170s]   136 |     R_bar.block(k * nu_, k * nu_, nu_, nu_) = [01;31m[KR_diag[m[K.asDiagonal();
[2.170s]       |                                               [01;31m[K^~~~~~[m[K
[2.173s] [01m[K/home/yucheng/mpc_motion_control_projects/mpc_ws/src/mpc_car_control/src/mpc_controller_node.cpp:137:5:[m[K [01;31m[Kerror: [m[K‚Äò[01m[KR_rate_bar[m[K‚Äô was not declared in this scope
[2.173s]   137 |     [01;31m[KR_rate_bar[m[K.block(k * nu_, k * nu_, nu_, nu_) = R_rate_diag.asDiagonal();
[2.173s]       |     [01;31m[K^~~~~~~~~~[m[K
[2.176s] [01m[K/home/yucheng/mpc_motion_control_projects/mpc_ws/src/mpc_car_control/src/mpc_controller_node.cpp:137:52:[m[K [01;31m[Kerror: [m[K‚Äò[01m[KR_rate_diag[m[K‚Äô was not declared in this scope
[2.176s]   137 |     R_rate_bar.block(k * nu_, k * nu_, nu_, nu_) = [01;31m[KR_rate_diag[m[K.asDiagonal();
[2.176s]       |                                                    [01;31m[K^~~~~~~~~~~[m[K
[2.179s] [01m[K/home/yucheng/mpc_motion_control_projects/mpc_ws/src/mpc_car_control/src/mpc_controller_node.cpp:[m[K At global scope:
[2.179s] [01m[K/home/yucheng/mpc_motion_control_projects/mpc_ws/src/mpc_car_control/src/mpc_controller_node.cpp:217:1:[m[K [01;31m[Kerror: [m[Kspecializing member ‚Äò[01m[Krclcpp::Publisher<mpc_car_control::msg::ControlCommandBody_<std::allocator<void> >, std::allocator<void> >::SharedPtr[m[K‚Äô requires ‚Äò[01m[Ktemplate<>[m[K‚Äô syntax
[2.179s]   217 | [01;31m[Krclcpp[m[K::Publisher<mpc_car_control::msg::ControlCommandBody>::SharedPtr
[2.179s]       | [01;31m[K^~~~~~[m[K
[2.190s] [01m[K/home/yucheng/mpc_motion_control_projects/mpc_ws/src/mpc_car_control/src/mpc_controller_node.cpp:237:1:[m[K [01;31m[Kerror: [m[Kexpected declaration before ‚Äò[01m[K}[m[K‚Äô token
[2.190s]   237 | [01;31m[K}[m[K
[2.190s]       | [01;31m[K^[m[K
[4.808s] make[2]: *** [CMakeFiles/mpc_controller_node.dir/build.make:79ÔºöCMakeFiles/mpc_controller_node.dir/src/mpc_controller_node.cpp.o] ÈîôËØØ 1
[4.808s] make[1]: *** [CMakeFiles/Makefile2:725ÔºöCMakeFiles/mpc_controller_node.dir/all] ÈîôËØØ 2
[4.808s] make[1]: *** Ê≠£Âú®Á≠âÂæÖÊú™ÂÆåÊàêÁöÑ‰ªªÂä°....
[7.505s] [ 98%] [32m[1mLinking CXX executable vehicle_model_node[0m
[7.874s] [ 98%] Built target vehicle_model_node
[7.874s] make: *** [Makefile:146Ôºöall] ÈîôËØØ 2
[7.876s] Invoked command in '/home/yucheng/mpc_motion_control_projects/mpc_ws/build/mpc_car_control' returned '2': CMAKE_PREFIX_PATH=${CMAKE_PREFIX_PATH}:/opt/ros/foxy /usr/local/bin/cmake --build /home/yucheng/mpc_motion_control_projects/mpc_ws/build/mpc_car_control -- -j12 -l12
