[0.029s] Invoking command in '/home/yucheng/mpc_motion_control_projects/mpc_ws/build/mpc_car_control': CMAKE_PREFIX_PATH=${CMAKE_PREFIX_PATH}:/opt/ros/foxy /usr/local/bin/cmake --build /home/yucheng/mpc_motion_control_projects/mpc_ws/build/mpc_car_control -- -j12 -l12
[0.043s] [0mCMake Deprecation Warning at CMakeLists.txt:1 (cmake_minimum_required):
[0.043s]   Compatibility with CMake < 3.10 will be removed from a future version of
[0.043s]   CMake.
[0.044s] 
[0.044s]   Update the VERSION argument <min> value.  Or, use the <min>...<max> syntax
[0.044s]   to tell CMake that the project requires at least <min> but has been updated
[0.044s]   to work with policies introduced by <max> or earlier.
[0.044s] 
[0.044s] [0m
[0.057s] -- Found ament_cmake: 0.9.12 (/opt/ros/foxy/share/ament_cmake/cmake)
[0.058s] [33mCMake Warning (dev) at /opt/ros/foxy/share/ament_cmake_core/cmake/core/python.cmake:22 (find_package):
[0.058s]   Policy CMP0148 is not set: The FindPythonInterp and FindPythonLibs modules
[0.058s]   are removed.  Run "cmake --help-policy CMP0148" for policy details.  Use
[0.058s]   the cmake_policy command to set the policy and suppress this warning.
[0.058s] 
[0.058s] Call Stack (most recent call first):
[0.058s]   /opt/ros/foxy/share/ament_cmake_core/cmake/core/all.cmake:53 (include)
[0.058s]   /opt/ros/foxy/share/ament_cmake_core/cmake/ament_cmake_core-extras.cmake:17 (include)
[0.059s]   /opt/ros/foxy/share/ament_cmake_core/cmake/ament_cmake_coreConfig.cmake:41 (include)
[0.059s]   /opt/ros/foxy/share/ament_cmake/cmake/ament_cmake_export_dependencies-extras.cmake:15 (find_package)
[0.059s]   /opt/ros/foxy/share/ament_cmake/cmake/ament_cmakeConfig.cmake:41 (include)
[0.059s]   CMakeLists.txt:19 (find_package)
[0.059s] This warning is for project developers.  Use -Wno-dev to suppress it.
[0.059s] [0m
[0.077s] -- Found PythonInterp: /usr/bin/python3 (found suitable version "3.8.10", minimum required is "3")
[0.077s] -- Using PYTHON_EXECUTABLE: /usr/bin/python3
[0.259s] -- Found rclcpp: 2.4.3 (/opt/ros/foxy/share/rclcpp/cmake)
[0.288s] -- Using all available rosidl_typesupport_c: rosidl_typesupport_fastrtps_c;rosidl_typesupport_introspection_c
[0.291s] -- Found rosidl_adapter: 1.3.1 (/opt/ros/foxy/share/rosidl_adapter/cmake)
[0.408s] -- Using all available rosidl_typesupport_cpp: rosidl_typesupport_fastrtps_cpp;rosidl_typesupport_introspection_cpp
[0.454s] -- Found rmw_implementation_cmake: 1.0.4 (/opt/ros/foxy/share/rmw_implementation_cmake/cmake)
[0.455s] -- Using RMW implementation 'rmw_fastrtps_cpp' as default
[0.580s] -- Found visualization_msgs: 2.0.5 (/opt/ros/foxy/share/visualization_msgs/cmake)
[0.682s] -- Found tf2: 0.13.14 (/opt/ros/foxy/share/tf2/cmake)
[0.690s] -- Found tf2_ros: 0.13.14 (/opt/ros/foxy/share/tf2_ros/cmake)
[0.978s] -- Found tf2_geometry_msgs: 0.13.14 (/opt/ros/foxy/share/tf2_geometry_msgs/cmake)
[0.983s] -- Found eigen3_cmake_module: 0.1.1 (/opt/ros/foxy/share/eigen3_cmake_module/cmake)
[1.007s] -- Found ament_lint_auto: 0.9.8 (/opt/ros/foxy/share/ament_lint_auto/cmake)
[1.065s] -- Found rosidl_default_generators: 1.0.1 (/opt/ros/foxy/share/rosidl_default_generators/cmake)
[1.074s] [33mCMake Warning (dev) at /opt/ros/foxy/share/rosidl_adapter/cmake/rosidl_adapt_interfaces.cmake:40 (find_package):
[1.075s]   Policy CMP0148 is not set: The FindPythonInterp and FindPythonLibs modules
[1.075s]   are removed.  Run "cmake --help-policy CMP0148" for policy details.  Use
[1.075s]   the cmake_policy command to set the policy and suppress this warning.
[1.075s] 
[1.075s] Call Stack (most recent call first):
[1.075s]   /opt/ros/foxy/share/rosidl_cmake/cmake/rosidl_generate_interfaces.cmake:130 (rosidl_adapt_interfaces)
[1.075s]   CMakeLists.txt:41 (rosidl_generate_interfaces)
[1.075s] This warning is for project developers.  Use -Wno-dev to suppress it.
[1.075s] [0m
[1.093s] -- Found PythonInterp: /usr/bin/python3 (found version "3.8.10")
[1.220s] -- Found ament_cmake_ros: 0.9.2 (/opt/ros/foxy/share/ament_cmake_ros/cmake)
[1.437s] -- Using all available rosidl_typesupport_c: rosidl_typesupport_fastrtps_c;rosidl_typesupport_introspection_c
[1.528s] -- Using all available rosidl_typesupport_cpp: rosidl_typesupport_fastrtps_cpp;rosidl_typesupport_introspection_cpp
[1.532s] [33mCMake Warning (dev) at /opt/ros/foxy/share/rosidl_generator_py/cmake/rosidl_generator_py_generate_interfaces.cmake:20 (find_package):
[1.533s]   Policy CMP0148 is not set: The FindPythonInterp and FindPythonLibs modules
[1.533s]   are removed.  Run "cmake --help-policy CMP0148" for policy details.  Use
[1.533s]   the cmake_policy command to set the policy and suppress this warning.
[1.533s] 
[1.533s] Call Stack (most recent call first):
[1.533s]   /opt/ros/foxy/share/ament_cmake_core/cmake/core/ament_execute_extensions.cmake:48 (include)
[1.533s]   /opt/ros/foxy/share/rosidl_cmake/cmake/rosidl_generate_interfaces.cmake:286 (ament_execute_extensions)
[1.533s]   CMakeLists.txt:41 (rosidl_generate_interfaces)
[1.533s] This warning is for project developers.  Use -Wno-dev to suppress it.
[1.533s] [0m
[1.551s] -- Found PythonInterp: /usr/bin/python3 (found suitable version "3.8.10", minimum required is "3.5")
[1.552s] -- Found python_cmake_module: 0.8.1 (/opt/ros/foxy/share/python_cmake_module/cmake)
[1.552s] [33mCMake Warning (dev) at /opt/ros/foxy/share/python_cmake_module/cmake/Modules/FindPythonExtra.cmake:45 (find_package):
[1.552s]   Policy CMP0148 is not set: The FindPythonInterp and FindPythonLibs modules
[1.552s]   are removed.  Run "cmake --help-policy CMP0148" for policy details.  Use
[1.552s]   the cmake_policy command to set the policy and suppress this warning.
[1.552s] 
[1.552s] Call Stack (most recent call first):
[1.552s]   /opt/ros/foxy/share/rosidl_generator_py/cmake/rosidl_generator_py_generate_interfaces.cmake:23 (find_package)
[1.553s]   /opt/ros/foxy/share/ament_cmake_core/cmake/core/ament_execute_extensions.cmake:48 (include)
[1.553s]   /opt/ros/foxy/share/rosidl_cmake/cmake/rosidl_generate_interfaces.cmake:286 (ament_execute_extensions)
[1.553s]   CMakeLists.txt:41 (rosidl_generate_interfaces)
[1.553s] This warning is for project developers.  Use -Wno-dev to suppress it.
[1.553s] [0m
[1.571s] [33mCMake Warning (dev) at /opt/ros/foxy/share/python_cmake_module/cmake/Modules/FindPythonExtra.cmake:133 (find_package):
[1.571s]   Policy CMP0148 is not set: The FindPythonInterp and FindPythonLibs modules
[1.571s]   are removed.  Run "cmake --help-policy CMP0148" for policy details.  Use
[1.571s]   the cmake_policy command to set the policy and suppress this warning.
[1.572s] 
[1.572s] Call Stack (most recent call first):
[1.572s]   /opt/ros/foxy/share/rosidl_generator_py/cmake/rosidl_generator_py_generate_interfaces.cmake:23 (find_package)
[1.572s]   /opt/ros/foxy/share/ament_cmake_core/cmake/core/ament_execute_extensions.cmake:48 (include)
[1.572s]   /opt/ros/foxy/share/rosidl_cmake/cmake/rosidl_generate_interfaces.cmake:286 (ament_execute_extensions)
[1.572s]   CMakeLists.txt:41 (rosidl_generate_interfaces)
[1.572s] This warning is for project developers.  Use -Wno-dev to suppress it.
[1.572s] [0m
[1.573s] -- Using PYTHON_EXECUTABLE: /usr/bin/python3
[1.573s] -- Using PYTHON_INCLUDE_DIRS: /usr/include/python3.8
[1.573s] -- Using PYTHON_LIBRARIES: /usr/lib/x86_64-linux-gnu/libpython3.8.so
[1.624s] -- Added test 'copyright' to check source files copyright and LICENSE
[1.625s] -- Added test 'cppcheck' to perform static code analysis on C / C++ code
[1.627s] -- Configured cppcheck include dirs: 
[1.627s] -- Configured cppcheck exclude dirs and/or files: 
[1.628s] -- Added test 'cpplint' to check C / C++ code against the Google style
[1.628s] -- Configured cpplint exclude dirs and/or files: 
[1.628s] -- Added test 'flake8' to check Python code syntax and style conventions
[1.629s] -- Added test 'lint_cmake' to check CMake code style
[1.629s] -- Added test 'pep257' to check Python code against some of the style conventions in PEP 257
[1.630s] -- Added test 'uncrustify' to check C / C++ code style
[1.631s] -- Configured uncrustify additional arguments: 
[1.631s] -- Added test 'xmllint' to check XML markup files
[1.635s] -- Configuring done (1.6s)
[1.721s] -- Generating done (0.1s)
[1.722s] -- Build files have been written to: /home/yucheng/mpc_motion_control_projects/mpc_ws/build/mpc_car_control
[1.745s] [  1%] Built target mpc_car_control__cpp
[1.749s] [ 10%] Built target mpc_car_control__rosidl_generator_c
[1.761s] [ 20%] Built target mpc_car_control__rosidl_typesupport_c
[1.762s] [ 36%] Built target mpc_car_control__rosidl_typesupport_cpp
[1.762s] [ 38%] Built target mpc_car_control__rosidl_typesupport_introspection_c
[1.763s] [ 48%] Built target mpc_car_control__rosidl_typesupport_introspection_cpp
[1.765s] [ 57%] Built target mpc_car_control__rosidl_typesupport_fastrtps_cpp
[1.783s] [ 66%] Built target mpc_car_control__rosidl_typesupport_fastrtps_c
[1.792s] [ 66%] Built target mpc_car_control
[1.805s] [ 68%] Built target mpc_car_control__py
[1.810s] [ 70%] Built target control_allocator_node
[1.812s] [ 73%] Built target scenario_generator_node
[1.814s] [ 78%] Built target vehicle_model_node
[1.814s] [ 78%] Built target mpc_controller_node
[1.814s] [ 80%] [32mBuilding CXX object CMakeFiles/visualization_node.dir/src/visualization_node.cpp.o[0m
[1.814s] [ 82%] Built target vehicle_interface_node
[1.825s] [ 90%] Built target mpc_car_control__python
[1.839s] [ 98%] Built target mpc_car_control__rosidl_typesupport_c__pyext
[1.840s] [ 98%] Built target mpc_car_control__rosidl_typesupport_introspection_c__pyext
[1.840s] [ 98%] Built target mpc_car_control__rosidl_typesupport_fastrtps_c__pyext
[3.039s] [01m[K/home/yucheng/mpc_motion_control_projects/mpc_ws/src/mpc_car_control/src/visualization_node.cpp:[m[K In member function â€˜[01m[Kvoid VisualizationNode::state_callback(mpc_car_control::msg::VehicleState_<std::allocator<void> >::SharedPtr)[m[Kâ€™:
[3.039s] [01m[K/home/yucheng/mpc_motion_control_projects/mpc_ws/src/mpc_car_control/src/visualization_node.cpp:128:43:[m[K [01;31m[Kerror: [m[Kâ€˜[01m[Ksetprecision[m[Kâ€™ is not a member of â€˜[01m[Kstd[m[Kâ€™
[3.039s]   128 |     ss << "Speed: " << std::fixed << std::[01;31m[Ksetprecision[m[K(1) << speed << " m/s\n"
[3.040s]       |                                           [01;31m[K^~~~~~~~~~~~[m[K
[5.272s] make[2]: *** [CMakeFiles/visualization_node.dir/build.make:79ï¼šCMakeFiles/visualization_node.dir/src/visualization_node.cpp.o] é”™è¯¯ 1
[5.272s] make[1]: *** [CMakeFiles/Makefile2:821ï¼šCMakeFiles/visualization_node.dir/all] é”™è¯¯ 2
[5.272s] make: *** [Makefile:146ï¼šall] é”™è¯¯ 2
[5.275s] Invoked command in '/home/yucheng/mpc_motion_control_projects/mpc_ws/build/mpc_car_control' returned '2': CMAKE_PREFIX_PATH=${CMAKE_PREFIX_PATH}:/opt/ros/foxy /usr/local/bin/cmake --build /home/yucheng/mpc_motion_control_projects/mpc_ws/build/mpc_car_control -- -j12 -l12
