[01m[K/home/yucheng/mpc_motion_control_projects/mpc_ws/src/mpc_car_control/src/vehicle_model_node.cpp:[m[K In member function â€˜[01m[Kvoid VehicleModelNode::[01;32m[Ksim_loop[m[K()[m[Kâ€™:
[01m[K/home/yucheng/mpc_motion_control_projects/mpc_ws/src/mpc_car_control/src/vehicle_model_node.cpp:280:13:[m[K [01;31m[Kerror: [m[Kâ€˜[01m[Ktotal_direct_torque[m[Kâ€™ was not declared in this scope
  280 |         if ([01;31m[Ktotal_direct_torque[m[K > 1e-3) {
      |             [01;31m[K^~~~~~~~~~~~~~~~~~~[m[K
gmake[2]: *** [CMakeFiles/vehicle_model_node.dir/build.make:76ï¼šCMakeFiles/vehicle_model_node.dir/src/vehicle_model_node.cpp.o] é”™è¯¯ 1
gmake[1]: *** [CMakeFiles/Makefile2:812ï¼šCMakeFiles/vehicle_model_node.dir/all] é”™è¯¯ 2
gmake: *** [Makefile:146ï¼šall] é”™è¯¯ 2
